<?xml version="1.0" encoding="UTF-8"?>
<coverage generated="1597879994417" clover="3.2.0">
  <project timestamp="1597879994417" name="All files">
    <metrics statements="237" coveredstatements="234" conditionals="63" coveredconditionals="53" methods="43" coveredmethods="42" elements="343" coveredelements="329" complexity="0" loc="237" ncloc="237" packages="5" files="13" classes="13"/>
    <package name="jobly">
      <metrics statements="39" coveredstatements="38" conditionals="18" coveredconditionals="11" methods="7" coveredmethods="6"/>
      <file name="app.js" path="/Users/spiffy/Documents/jobly/app.js">
        <metrics statements="20" coveredstatements="20" conditionals="4" coveredconditionals="3" methods="2" coveredmethods="2"/>
        <line num="5" count="3" type="stmt"/>
        <line num="7" count="3" type="stmt"/>
        <line num="9" count="3" type="stmt"/>
        <line num="10" count="3" type="stmt"/>
        <line num="11" count="3" type="stmt"/>
        <line num="13" count="3" type="stmt"/>
        <line num="15" count="3" type="stmt"/>
        <line num="17" count="3" type="stmt"/>
        <line num="18" count="3" type="stmt"/>
        <line num="19" count="3" type="stmt"/>
        <line num="21" count="3" type="stmt"/>
        <line num="22" count="3" type="stmt"/>
        <line num="26" count="3" type="stmt"/>
        <line num="27" count="1" type="stmt"/>
        <line num="31" count="3" type="stmt"/>
        <line num="32" count="17" type="cond" truecount="1" falsecount="1"/>
        <line num="33" count="17" type="cond" truecount="2" falsecount="0"/>
        <line num="34" count="17" type="stmt"/>
        <line num="36" count="17" type="stmt"/>
        <line num="41" count="3" type="stmt"/>
      </file>
      <file name="config.js" path="/Users/spiffy/Documents/jobly/config.js">
        <metrics statements="6" coveredstatements="6" conditionals="10" coveredconditionals="6" methods="0" coveredmethods="0"/>
        <line num="5" count="6" type="stmt"/>
        <line num="7" count="6" type="cond" truecount="2" falsecount="0"/>
        <line num="9" count="6" type="cond" truecount="2" falsecount="0"/>
        <line num="13" count="6" type="cond" truecount="1" falsecount="1"/>
        <line num="20" count="6" type="cond" truecount="1" falsecount="1"/>
        <line num="23" count="6" type="stmt"/>
      </file>
      <file name="db.js" path="/Users/spiffy/Documents/jobly/db.js">
        <metrics statements="5" coveredstatements="5" conditionals="0" coveredconditionals="0" methods="0" coveredmethods="0"/>
        <line num="5" count="5" type="stmt"/>
        <line num="6" count="5" type="stmt"/>
        <line num="8" count="5" type="stmt"/>
        <line num="12" count="5" type="stmt"/>
        <line num="14" count="5" type="stmt"/>
      </file>
      <file name="expressError.js" path="/Users/spiffy/Documents/jobly/expressError.js">
        <metrics statements="8" coveredstatements="7" conditionals="4" coveredconditionals="2" methods="5" coveredmethods="4"/>
        <line num="9" count="26" type="stmt"/>
        <line num="10" count="26" type="stmt"/>
        <line num="11" count="26" type="stmt"/>
        <line num="19" count="6" type="stmt"/>
        <line num="27" count="8" type="stmt"/>
        <line num="35" count="12" type="stmt"/>
        <line num="43" count="0" type="stmt"/>
        <line num="47" count="7" type="stmt"/>
      </file>
    </package>
    <package name="jobly.helpers">
      <metrics statements="30" coveredstatements="28" conditionals="12" coveredconditionals="9" methods="7" coveredmethods="7"/>
      <file name="sql.js" path="/Users/spiffy/Documents/jobly/helpers/sql.js">
        <metrics statements="24" coveredstatements="22" conditionals="10" coveredconditionals="7" methods="6" coveredmethods="6"/>
        <line num="1" count="5" type="stmt"/>
        <line num="11" count="5" type="stmt"/>
        <line num="12" count="5" type="stmt"/>
        <line num="14" count="5" type="stmt"/>
        <line num="27" count="5" type="cond" truecount="2" falsecount="0"/>
        <line num="28" count="1" type="stmt"/>
        <line num="31" count="4" type="stmt"/>
        <line num="37" count="12" type="stmt"/>
        <line num="39" count="4" type="stmt"/>
        <line num="40" count="6" type="stmt"/>
        <line num="42" count="6" type="cond" truecount="2" falsecount="0"/>
        <line num="43" count="4" type="stmt"/>
        <line num="44" count="2" type="cond" truecount="1" falsecount="1"/>
        <line num="45" count="2" type="stmt"/>
        <line num="46" count="0" type="cond" truecount="0" falsecount="2"/>
        <line num="47" count="0" type="stmt"/>
        <line num="51" count="4" type="stmt"/>
        <line num="53" count="4" type="stmt"/>
        <line num="54" count="6" type="cond" truecount="2" falsecount="0"/>
        <line num="56" count="4" type="stmt"/>
        <line num="58" count="6" type="stmt"/>
        <line num="61" count="4" type="stmt"/>
        <line num="64" count="4" type="stmt"/>
        <line num="70" count="5" type="stmt"/>
      </file>
      <file name="tokens.js" path="/Users/spiffy/Documents/jobly/helpers/tokens.js">
        <metrics statements="6" coveredstatements="6" conditionals="2" coveredconditionals="2" methods="1" coveredmethods="1"/>
        <line num="1" count="3" type="stmt"/>
        <line num="2" count="3" type="stmt"/>
        <line num="7" count="4" type="stmt"/>
        <line num="10" count="4" type="stmt"/>
        <line num="15" count="4" type="stmt"/>
        <line num="18" count="3" type="stmt"/>
      </file>
    </package>
    <package name="jobly.middleware">
      <metrics statements="16" coveredstatements="16" conditionals="4" coveredconditionals="4" methods="3" coveredmethods="3"/>
      <file name="auth.js" path="/Users/spiffy/Documents/jobly/middleware/auth.js">
        <metrics statements="16" coveredstatements="16" conditionals="4" coveredconditionals="4" methods="3" coveredmethods="3"/>
        <line num="5" count="4" type="stmt"/>
        <line num="6" count="4" type="stmt"/>
        <line num="7" count="4" type="stmt"/>
        <line num="21" count="27" type="stmt"/>
        <line num="22" count="27" type="stmt"/>
        <line num="24" count="27" type="stmt"/>
        <line num="25" count="27" type="cond" truecount="2" falsecount="0"/>
        <line num="26" count="26" type="stmt"/>
        <line num="28" count="1" type="stmt"/>
        <line num="29" count="1" type="stmt"/>
        <line num="42" count="13" type="cond" truecount="2" falsecount="0"/>
        <line num="49" count="11" type="stmt"/>
        <line num="50" count="11" type="stmt"/>
        <line num="51" count="8" type="stmt"/>
        <line num="53" count="3" type="stmt"/>
        <line num="58" count="4" type="stmt"/>
      </file>
    </package>
    <package name="jobly.models">
      <metrics statements="62" coveredstatements="62" conditionals="21" coveredconditionals="21" methods="11" coveredmethods="11"/>
      <file name="_testCommon.js" path="/Users/spiffy/Documents/jobly/models/_testCommon.js">
        <metrics statements="12" coveredstatements="12" conditionals="0" coveredconditionals="0" methods="4" coveredmethods="4"/>
        <line num="1" count="2" type="stmt"/>
        <line num="3" count="2" type="stmt"/>
        <line num="4" count="2" type="stmt"/>
        <line num="9" count="2" type="stmt"/>
        <line num="11" count="2" type="stmt"/>
        <line num="13" count="2" type="stmt"/>
        <line num="19" count="2" type="stmt"/>
        <line num="24" count="2" type="stmt"/>
        <line num="36" count="21" type="stmt"/>
        <line num="40" count="21" type="stmt"/>
        <line num="44" count="2" type="stmt"/>
        <line num="48" count="2" type="stmt"/>
      </file>
      <file name="company.js" path="/Users/spiffy/Documents/jobly/models/company.js">
        <metrics statements="30" coveredstatements="30" conditionals="15" coveredconditionals="15" methods="5" coveredmethods="5"/>
        <line num="3" count="4" type="stmt"/>
        <line num="4" count="4" type="stmt"/>
        <line num="5" count="4" type="stmt"/>
        <line num="17" count="7" type="cond" truecount="5" falsecount="0"/>
        <line num="19" count="4" type="stmt"/>
        <line num="20" count="3" type="stmt"/>
        <line num="23" count="3" type="stmt"/>
        <line num="28" count="5" type="stmt"/>
        <line num="39" count="4" type="stmt"/>
        <line num="45" count="4" type="stmt"/>
        <line num="47" count="4" type="cond" truecount="2" falsecount="0"/>
        <line num="49" count="2" type="stmt"/>
        <line num="62" count="7" type="stmt"/>
        <line num="68" count="7" type="cond" truecount="2" falsecount="0"/>
        <line num="69" count="2" type="stmt"/>
        <line num="71" count="5" type="stmt"/>
        <line num="84" count="5" type="stmt"/>
        <line num="86" count="5" type="stmt"/>
        <line num="102" count="4" type="cond" truecount="2" falsecount="0"/>
        <line num="104" count="3" type="stmt"/>
        <line num="105" count="3" type="stmt"/>
        <line num="107" count="3" type="stmt"/>
        <line num="115" count="3" type="stmt"/>
        <line num="116" count="3" type="stmt"/>
        <line num="118" count="3" type="cond" truecount="2" falsecount="0"/>
        <line num="120" count="2" type="stmt"/>
        <line num="129" count="4" type="stmt"/>
        <line num="135" count="4" type="stmt"/>
        <line num="137" count="4" type="cond" truecount="2" falsecount="0"/>
        <line num="142" count="4" type="stmt"/>
      </file>
      <file name="user.js" path="/Users/spiffy/Documents/jobly/models/user.js">
        <metrics statements="20" coveredstatements="20" conditionals="6" coveredconditionals="6" methods="2" coveredmethods="2"/>
        <line num="3" count="4" type="stmt"/>
        <line num="4" count="4" type="stmt"/>
        <line num="8" count="4" type="stmt"/>
        <line num="10" count="4" type="stmt"/>
        <line num="24" count="6" type="stmt"/>
        <line num="36" count="6" type="stmt"/>
        <line num="38" count="6" type="cond" truecount="2" falsecount="0"/>
        <line num="40" count="4" type="stmt"/>
        <line num="41" count="4" type="cond" truecount="2" falsecount="0"/>
        <line num="42" count="2" type="stmt"/>
        <line num="43" count="2" type="stmt"/>
        <line num="47" count="4" type="stmt"/>
        <line num="59" count="8" type="stmt"/>
        <line num="66" count="8" type="cond" truecount="2" falsecount="0"/>
        <line num="67" count="1" type="stmt"/>
        <line num="70" count="7" type="stmt"/>
        <line num="72" count="7" type="stmt"/>
        <line num="92" count="6" type="stmt"/>
        <line num="94" count="6" type="stmt"/>
        <line num="98" count="4" type="stmt"/>
      </file>
    </package>
    <package name="jobly.routes">
      <metrics statements="90" coveredstatements="90" conditionals="8" coveredconditionals="8" methods="15" coveredmethods="15"/>
      <file name="_testCommon.js" path="/Users/spiffy/Documents/jobly/routes/_testCommon.js">
        <metrics statements="17" coveredstatements="17" conditionals="0" coveredconditionals="0" methods="4" coveredmethods="4"/>
        <line num="3" count="2" type="stmt"/>
        <line num="4" count="2" type="stmt"/>
        <line num="5" count="2" type="stmt"/>
        <line num="6" count="2" type="stmt"/>
        <line num="10" count="2" type="stmt"/>
        <line num="12" count="2" type="stmt"/>
        <line num="14" count="2" type="stmt"/>
        <line num="16" count="1" type="stmt"/>
        <line num="18" count="1" type="stmt"/>
        <line num="21" count="1" type="stmt"/>
        <line num="29" count="1" type="stmt"/>
        <line num="37" count="1" type="stmt"/>
        <line num="48" count="23" type="stmt"/>
        <line num="52" count="23" type="stmt"/>
        <line num="56" count="2" type="stmt"/>
        <line num="60" count="2" type="stmt"/>
        <line num="62" count="2" type="stmt"/>
      </file>
      <file name="auth.js" path="/Users/spiffy/Documents/jobly/routes/auth.js">
        <metrics statements="30" coveredstatements="30" conditionals="4" coveredconditionals="4" methods="4" coveredmethods="4"/>
        <line num="5" count="3" type="stmt"/>
        <line num="7" count="3" type="stmt"/>
        <line num="8" count="3" type="stmt"/>
        <line num="9" count="3" type="stmt"/>
        <line num="10" count="3" type="stmt"/>
        <line num="11" count="3" type="stmt"/>
        <line num="12" count="3" type="stmt"/>
        <line num="13" count="3" type="stmt"/>
        <line num="22" count="3" type="stmt"/>
        <line num="23" count="5" type="stmt"/>
        <line num="24" count="5" type="stmt"/>
        <line num="25" count="5" type="cond" truecount="2" falsecount="0"/>
        <line num="26" count="2" type="stmt"/>
        <line num="27" count="2" type="stmt"/>
        <line num="30" count="3" type="stmt"/>
        <line num="31" count="3" type="stmt"/>
        <line num="32" count="1" type="stmt"/>
        <line num="33" count="1" type="stmt"/>
        <line num="35" count="4" type="stmt"/>
        <line num="49" count="3" type="stmt"/>
        <line num="50" count="3" type="stmt"/>
        <line num="51" count="3" type="stmt"/>
        <line num="52" count="3" type="cond" truecount="2" falsecount="0"/>
        <line num="53" count="5" type="stmt"/>
        <line num="54" count="2" type="stmt"/>
        <line num="57" count="1" type="stmt"/>
        <line num="58" count="1" type="stmt"/>
        <line num="59" count="1" type="stmt"/>
        <line num="61" count="2" type="stmt"/>
        <line num="66" count="3" type="stmt"/>
      </file>
      <file name="companies.js" path="/Users/spiffy/Documents/jobly/routes/companies.js">
        <metrics statements="43" coveredstatements="43" conditionals="4" coveredconditionals="4" methods="7" coveredmethods="7"/>
        <line num="5" count="3" type="stmt"/>
        <line num="6" count="3" type="stmt"/>
        <line num="8" count="3" type="stmt"/>
        <line num="9" count="3" type="stmt"/>
        <line num="10" count="3" type="stmt"/>
        <line num="12" count="3" type="stmt"/>
        <line num="13" count="3" type="stmt"/>
        <line num="15" count="3" type="stmt"/>
        <line num="27" count="3" type="stmt"/>
        <line num="28" count="2" type="stmt"/>
        <line num="30" count="2" type="stmt"/>
        <line num="32" count="2" type="stmt"/>
        <line num="34" count="1" type="stmt"/>
        <line num="36" count="1" type="stmt"/>
        <line num="48" count="3" type="stmt"/>
        <line num="49" count="2" type="stmt"/>
        <line num="50" count="2" type="stmt"/>
        <line num="51" count="1" type="stmt"/>
        <line num="53" count="1" type="stmt"/>
        <line num="67" count="3" type="stmt"/>
        <line num="68" count="3" type="stmt"/>
        <line num="69" count="3" type="stmt"/>
        <line num="70" count="3" type="cond" truecount="2" falsecount="0"/>
        <line num="71" count="3" type="stmt"/>
        <line num="72" count="2" type="stmt"/>
        <line num="75" count="1" type="stmt"/>
        <line num="76" count="1" type="stmt"/>
        <line num="78" count="2" type="stmt"/>
        <line num="94" count="3" type="stmt"/>
        <line num="95" count="3" type="stmt"/>
        <line num="96" count="3" type="stmt"/>
        <line num="97" count="3" type="cond" truecount="2" falsecount="0"/>
        <line num="98" count="2" type="stmt"/>
        <line num="99" count="2" type="stmt"/>
        <line num="102" count="1" type="stmt"/>
        <line num="103" count="1" type="stmt"/>
        <line num="105" count="2" type="stmt"/>
        <line num="114" count="3" type="stmt"/>
        <line num="115" count="2" type="stmt"/>
        <line num="116" count="2" type="stmt"/>
        <line num="117" count="1" type="stmt"/>
        <line num="119" count="1" type="stmt"/>
        <line num="124" count="3" type="stmt"/>
      </file>
    </package>
  </project>
</coverage>
