{"/Users/spiffy/Documents/jobly/app.js": {"path":"/Users/spiffy/Documents/jobly/app.js","statementMap":{"0":{"start":{"line":5,"column":16},"end":{"line":5,"column":34}},"1":{"start":{"line":7,"column":26},"end":{"line":7,"column":51}},"2":{"start":{"line":9,"column":28},"end":{"line":9,"column":56}},"3":{"start":{"line":10,"column":24},"end":{"line":10,"column":53}},"4":{"start":{"line":11,"column":19},"end":{"line":11,"column":43}},"5":{"start":{"line":12,"column":19},"end":{"line":12,"column":43}},"6":{"start":{"line":14,"column":15},"end":{"line":14,"column":32}},"7":{"start":{"line":16,"column":12},"end":{"line":16,"column":21}},"8":{"start":{"line":18,"column":0},"end":{"line":18,"column":24}},"9":{"start":{"line":19,"column":0},"end":{"line":19,"column":24}},"10":{"start":{"line":20,"column":0},"end":{"line":20,"column":25}},"11":{"start":{"line":22,"column":0},"end":{"line":22,"column":39}},"12":{"start":{"line":23,"column":0},"end":{"line":23,"column":29}},"13":{"start":{"line":24,"column":0},"end":{"line":24,"column":29}},"14":{"start":{"line":28,"column":0},"end":{"line":30,"column":3}},"15":{"start":{"line":29,"column":2},"end":{"line":29,"column":35}},"16":{"start":{"line":33,"column":0},"end":{"line":41,"column":3}},"17":{"start":{"line":34,"column":2},"end":{"line":34,"column":64}},"18":{"start":{"line":34,"column":39},"end":{"line":34,"column":64}},"19":{"start":{"line":35,"column":17},"end":{"line":35,"column":34}},"20":{"start":{"line":36,"column":18},"end":{"line":36,"column":29}},"21":{"start":{"line":38,"column":2},"end":{"line":40,"column":5}},"22":{"start":{"line":43,"column":0},"end":{"line":43,"column":21}}},"fnMap":{"0":{"name":"(anonymous_0)","decl":{"start":{"line":28,"column":8},"end":{"line":28,"column":9}},"loc":{"start":{"line":28,"column":34},"end":{"line":30,"column":1}},"line":28},"1":{"name":"(anonymous_1)","decl":{"start":{"line":33,"column":8},"end":{"line":33,"column":9}},"loc":{"start":{"line":33,"column":39},"end":{"line":41,"column":1}},"line":33}},"branchMap":{"0":{"loc":{"start":{"line":34,"column":2},"end":{"line":34,"column":64}},"type":"if","locations":[{"start":{"line":34,"column":2},"end":{"line":34,"column":64}},{"start":{"line":34,"column":2},"end":{"line":34,"column":64}}],"line":34},"1":{"loc":{"start":{"line":35,"column":17},"end":{"line":35,"column":34}},"type":"binary-expr","locations":[{"start":{"line":35,"column":17},"end":{"line":35,"column":27}},{"start":{"line":35,"column":31},"end":{"line":35,"column":34}}],"line":35}},"s":{"0":4,"1":4,"2":4,"3":4,"4":4,"5":4,"6":4,"7":4,"8":4,"9":4,"10":4,"11":4,"12":4,"13":4,"14":4,"15":1,"16":4,"17":34,"18":0,"19":34,"20":34,"21":34,"22":4},"f":{"0":1,"1":34},"b":{"0":[0,34],"1":[34,2]},"_coverageSchema":"1a1c01bbd47fc00a2c39e90264f33305004495a9","hash":"91cc881bfefa539045894e570a1a2adbc5abb5d0"}
,"/Users/spiffy/Documents/jobly/config.js": {"path":"/Users/spiffy/Documents/jobly/config.js","statementMap":{"0":{"start":{"line":5,"column":0},"end":{"line":5,"column":27}},"1":{"start":{"line":7,"column":19},"end":{"line":7,"column":57}},"2":{"start":{"line":9,"column":13},"end":{"line":9,"column":38}},"3":{"start":{"line":13,"column":15},"end":{"line":15,"column":41}},"4":{"start":{"line":20,"column":27},"end":{"line":20,"column":67}},"5":{"start":{"line":23,"column":0},"end":{"line":28,"column":2}}},"fnMap":{},"branchMap":{"0":{"loc":{"start":{"line":7,"column":19},"end":{"line":7,"column":57}},"type":"binary-expr","locations":[{"start":{"line":7,"column":19},"end":{"line":7,"column":41}},{"start":{"line":7,"column":45},"end":{"line":7,"column":57}}],"line":7},"1":{"loc":{"start":{"line":9,"column":13},"end":{"line":9,"column":38}},"type":"binary-expr","locations":[{"start":{"line":9,"column":13},"end":{"line":9,"column":30}},{"start":{"line":9,"column":34},"end":{"line":9,"column":38}}],"line":9},"2":{"loc":{"start":{"line":13,"column":15},"end":{"line":15,"column":41}},"type":"cond-expr","locations":[{"start":{"line":14,"column":6},"end":{"line":14,"column":18}},{"start":{"line":15,"column":6},"end":{"line":15,"column":41}}],"line":13},"3":{"loc":{"start":{"line":15,"column":6},"end":{"line":15,"column":41}},"type":"binary-expr","locations":[{"start":{"line":15,"column":6},"end":{"line":15,"column":30}},{"start":{"line":15,"column":34},"end":{"line":15,"column":41}}],"line":15},"4":{"loc":{"start":{"line":20,"column":27},"end":{"line":20,"column":67}},"type":"cond-expr","locations":[{"start":{"line":20,"column":61},"end":{"line":20,"column":62}},{"start":{"line":20,"column":65},"end":{"line":20,"column":67}}],"line":20}},"s":{"0":8,"1":8,"2":8,"3":8,"4":8,"5":8},"f":{},"b":{"0":[8,8],"1":[8,8],"2":[8,0],"3":[0,0],"4":[8,0]},"_coverageSchema":"1a1c01bbd47fc00a2c39e90264f33305004495a9","hash":"022e2689e6eeb0cf6f82da2642a28b013ffe4bd7"}
,"/Users/spiffy/Documents/jobly/db.js": {"path":"/Users/spiffy/Documents/jobly/db.js","statementMap":{"0":{"start":{"line":5,"column":19},"end":{"line":5,"column":32}},"1":{"start":{"line":6,"column":19},"end":{"line":6,"column":38}},"2":{"start":{"line":8,"column":11},"end":{"line":10,"column":2}},"3":{"start":{"line":12,"column":0},"end":{"line":12,"column":13}},"4":{"start":{"line":14,"column":0},"end":{"line":14,"column":20}}},"fnMap":{},"branchMap":{},"s":{"0":7,"1":7,"2":7,"3":7,"4":7},"f":{},"b":{},"_coverageSchema":"1a1c01bbd47fc00a2c39e90264f33305004495a9","hash":"996ac65019cb9177e9f27bf0f76e70a728a20932"}
,"/Users/spiffy/Documents/jobly/expressError.js": {"path":"/Users/spiffy/Documents/jobly/expressError.js","statementMap":{"0":{"start":{"line":9,"column":4},"end":{"line":9,"column":12}},"1":{"start":{"line":10,"column":4},"end":{"line":10,"column":27}},"2":{"start":{"line":11,"column":4},"end":{"line":11,"column":25}},"3":{"start":{"line":19,"column":4},"end":{"line":19,"column":24}},"4":{"start":{"line":27,"column":4},"end":{"line":27,"column":24}},"5":{"start":{"line":35,"column":4},"end":{"line":35,"column":24}},"6":{"start":{"line":43,"column":4},"end":{"line":43,"column":24}},"7":{"start":{"line":47,"column":0},"end":{"line":53,"column":2}}},"fnMap":{"0":{"name":"(anonymous_0)","decl":{"start":{"line":8,"column":2},"end":{"line":8,"column":3}},"loc":{"start":{"line":8,"column":31},"end":{"line":12,"column":3}},"line":8},"1":{"name":"(anonymous_1)","decl":{"start":{"line":18,"column":2},"end":{"line":18,"column":3}},"loc":{"start":{"line":18,"column":37},"end":{"line":20,"column":3}},"line":18},"2":{"name":"(anonymous_2)","decl":{"start":{"line":26,"column":2},"end":{"line":26,"column":3}},"loc":{"start":{"line":26,"column":40},"end":{"line":28,"column":3}},"line":26},"3":{"name":"(anonymous_3)","decl":{"start":{"line":34,"column":2},"end":{"line":34,"column":3}},"loc":{"start":{"line":34,"column":39},"end":{"line":36,"column":3}},"line":34},"4":{"name":"(anonymous_4)","decl":{"start":{"line":42,"column":2},"end":{"line":42,"column":3}},"loc":{"start":{"line":42,"column":39},"end":{"line":44,"column":3}},"line":42}},"branchMap":{"0":{"loc":{"start":{"line":18,"column":14},"end":{"line":18,"column":35}},"type":"default-arg","locations":[{"start":{"line":18,"column":24},"end":{"line":18,"column":35}}],"line":18},"1":{"loc":{"start":{"line":26,"column":14},"end":{"line":26,"column":38}},"type":"default-arg","locations":[{"start":{"line":26,"column":24},"end":{"line":26,"column":38}}],"line":26},"2":{"loc":{"start":{"line":34,"column":14},"end":{"line":34,"column":37}},"type":"default-arg","locations":[{"start":{"line":34,"column":24},"end":{"line":34,"column":37}}],"line":34},"3":{"loc":{"start":{"line":42,"column":14},"end":{"line":42,"column":37}},"type":"default-arg","locations":[{"start":{"line":42,"column":24},"end":{"line":42,"column":37}}],"line":42}},"s":{"0":51,"1":51,"2":51,"3":9,"4":22,"5":20,"6":0,"7":9},"f":{"0":51,"1":9,"2":22,"3":20,"4":0},"b":{"0":[1],"1":[16],"2":[0],"3":[0]},"_coverageSchema":"1a1c01bbd47fc00a2c39e90264f33305004495a9","hash":"472681bed5877d255df8a47c005749f89e9933d9"}
,"/Users/spiffy/Documents/jobly/helpers/sql.js": {"path":"/Users/spiffy/Documents/jobly/helpers/sql.js","statementMap":{"0":{"start":{"line":1,"column":28},"end":{"line":1,"column":54}},"1":{"start":{"line":11,"column":15},"end":{"line":12,"column":39}},"2":{"start":{"line":12,"column":18},"end":{"line":12,"column":38}},"3":{"start":{"line":14,"column":2},"end":{"line":17,"column":4}},"4":{"start":{"line":28,"column":2},"end":{"line":30,"column":3}},"5":{"start":{"line":29,"column":4},"end":{"line":29,"column":89}},"6":{"start":{"line":32,"column":27},"end":{"line":36,"column":3}},"7":{"start":{"line":38,"column":2},"end":{"line":38,"column":84}},"8":{"start":{"line":38,"column":59},"end":{"line":38,"column":82}},"9":{"start":{"line":40,"column":23},"end":{"line":50,"column":4}},"10":{"start":{"line":41,"column":21},"end":{"line":41,"column":30}},"11":{"start":{"line":43,"column":4},"end":{"line":49,"column":5}},"12":{"start":{"line":44,"column":6},"end":{"line":44,"column":38}},"13":{"start":{"line":45,"column":11},"end":{"line":49,"column":5}},"14":{"start":{"line":46,"column":6},"end":{"line":46,"column":44}},"15":{"start":{"line":47,"column":11},"end":{"line":49,"column":5}},"16":{"start":{"line":48,"column":6},"end":{"line":48,"column":44}},"17":{"start":{"line":52,"column":21},"end":{"line":60,"column":4}},"18":{"start":{"line":53,"column":15},"end":{"line":53,"column":24}},"19":{"start":{"line":54,"column":16},"end":{"line":54,"column":25}},"20":{"start":{"line":56,"column":4},"end":{"line":58,"column":5}},"21":{"start":{"line":57,"column":6},"end":{"line":57,"column":32}},"22":{"start":{"line":59,"column":4},"end":{"line":59,"column":17}},"23":{"start":{"line":62,"column":29},"end":{"line":62,"column":57}},"24":{"start":{"line":64,"column":16},"end":{"line":66,"column":67}},"25":{"start":{"line":67,"column":2},"end":{"line":67,"column":35}},"26":{"start":{"line":78,"column":2},"end":{"line":80,"column":3}},"27":{"start":{"line":79,"column":4},"end":{"line":79,"column":32}},"28":{"start":{"line":82,"column":23},"end":{"line":82,"column":25}},"29":{"start":{"line":83,"column":21},"end":{"line":83,"column":23}},"30":{"start":{"line":84,"column":10},"end":{"line":84,"column":11}},"31":{"start":{"line":86,"column":2},"end":{"line":100,"column":3}},"32":{"start":{"line":87,"column":4},"end":{"line":99,"column":5}},"33":{"start":{"line":88,"column":8},"end":{"line":88,"column":53}},"34":{"start":{"line":89,"column":8},"end":{"line":89,"column":12}},"35":{"start":{"line":90,"column":8},"end":{"line":90,"column":55}},"36":{"start":{"line":92,"column":11},"end":{"line":99,"column":5}},"37":{"start":{"line":93,"column":8},"end":{"line":93,"column":51}},"38":{"start":{"line":94,"column":8},"end":{"line":94,"column":12}},"39":{"start":{"line":95,"column":8},"end":{"line":95,"column":43}},"40":{"start":{"line":97,"column":11},"end":{"line":99,"column":5}},"41":{"start":{"line":98,"column":8},"end":{"line":98,"column":42}},"42":{"start":{"line":102,"column":29},"end":{"line":102,"column":57}},"43":{"start":{"line":104,"column":16},"end":{"line":106,"column":68}},"44":{"start":{"line":108,"column":2},"end":{"line":108,"column":35}},"45":{"start":{"line":114,"column":0},"end":{"line":114,"column":88}}},"fnMap":{"0":{"name":"sqlForPartialUpdate","decl":{"start":{"line":10,"column":9},"end":{"line":10,"column":28}},"loc":{"start":{"line":10,"column":43},"end":{"line":18,"column":1}},"line":10},"1":{"name":"(anonymous_1)","decl":{"start":{"line":12,"column":4},"end":{"line":12,"column":5}},"loc":{"start":{"line":12,"column":18},"end":{"line":12,"column":38}},"line":12},"2":{"name":"sqlForFilteringCompanies","decl":{"start":{"line":26,"column":9},"end":{"line":26,"column":33}},"loc":{"start":{"line":26,"column":72},"end":{"line":68,"column":1}},"line":26},"3":{"name":"(anonymous_3)","decl":{"start":{"line":38,"column":49},"end":{"line":38,"column":50}},"loc":{"start":{"line":38,"column":59},"end":{"line":38,"column":82}},"line":38},"4":{"name":"(anonymous_4)","decl":{"start":{"line":40,"column":46},"end":{"line":40,"column":47}},"loc":{"start":{"line":40,"column":63},"end":{"line":50,"column":3}},"line":40},"5":{"name":"(anonymous_5)","decl":{"start":{"line":52,"column":44},"end":{"line":52,"column":45}},"loc":{"start":{"line":52,"column":54},"end":{"line":60,"column":3}},"line":52},"6":{"name":"sqlForFilteringJobs","decl":{"start":{"line":76,"column":9},"end":{"line":76,"column":28}},"loc":{"start":{"line":76,"column":41},"end":{"line":109,"column":1}},"line":76}},"branchMap":{"0":{"loc":{"start":{"line":28,"column":2},"end":{"line":30,"column":3}},"type":"if","locations":[{"start":{"line":28,"column":2},"end":{"line":30,"column":3}},{"start":{"line":28,"column":2},"end":{"line":30,"column":3}}],"line":28},"1":{"loc":{"start":{"line":43,"column":4},"end":{"line":49,"column":5}},"type":"if","locations":[{"start":{"line":43,"column":4},"end":{"line":49,"column":5}},{"start":{"line":43,"column":4},"end":{"line":49,"column":5}}],"line":43},"2":{"loc":{"start":{"line":45,"column":11},"end":{"line":49,"column":5}},"type":"if","locations":[{"start":{"line":45,"column":11},"end":{"line":49,"column":5}},{"start":{"line":45,"column":11},"end":{"line":49,"column":5}}],"line":45},"3":{"loc":{"start":{"line":47,"column":11},"end":{"line":49,"column":5}},"type":"if","locations":[{"start":{"line":47,"column":11},"end":{"line":49,"column":5}},{"start":{"line":47,"column":11},"end":{"line":49,"column":5}}],"line":47},"4":{"loc":{"start":{"line":56,"column":4},"end":{"line":58,"column":5}},"type":"if","locations":[{"start":{"line":56,"column":4},"end":{"line":58,"column":5}},{"start":{"line":56,"column":4},"end":{"line":58,"column":5}}],"line":56},"5":{"loc":{"start":{"line":78,"column":2},"end":{"line":80,"column":3}},"type":"if","locations":[{"start":{"line":78,"column":2},"end":{"line":80,"column":3}},{"start":{"line":78,"column":2},"end":{"line":80,"column":3}}],"line":78},"6":{"loc":{"start":{"line":78,"column":6},"end":{"line":78,"column":74}},"type":"binary-expr","locations":[{"start":{"line":78,"column":6},"end":{"line":78,"column":40}},{"start":{"line":78,"column":44},"end":{"line":78,"column":74}}],"line":78},"7":{"loc":{"start":{"line":87,"column":4},"end":{"line":99,"column":5}},"type":"if","locations":[{"start":{"line":87,"column":4},"end":{"line":99,"column":5}},{"start":{"line":87,"column":4},"end":{"line":99,"column":5}}],"line":87},"8":{"loc":{"start":{"line":92,"column":11},"end":{"line":99,"column":5}},"type":"if","locations":[{"start":{"line":92,"column":11},"end":{"line":99,"column":5}},{"start":{"line":92,"column":11},"end":{"line":99,"column":5}}],"line":92},"9":{"loc":{"start":{"line":97,"column":11},"end":{"line":99,"column":5}},"type":"if","locations":[{"start":{"line":97,"column":11},"end":{"line":99,"column":5}},{"start":{"line":97,"column":11},"end":{"line":99,"column":5}}],"line":97}},"s":{"0":7,"1":8,"2":10,"3":8,"4":9,"5":2,"6":7,"7":7,"8":21,"9":7,"10":12,"11":12,"12":5,"13":7,"14":5,"15":2,"16":2,"17":7,"18":12,"19":12,"20":12,"21":5,"22":12,"23":7,"24":7,"25":7,"26":7,"27":1,"28":7,"29":7,"30":7,"31":7,"32":12,"33":5,"34":5,"35":5,"36":7,"37":5,"38":5,"39":5,"40":2,"41":2,"42":7,"43":7,"44":7,"45":7},"f":{"0":8,"1":10,"2":9,"3":21,"4":12,"5":12,"6":7},"b":{"0":[2,7],"1":[5,7],"2":[5,2],"3":[2,0],"4":[5,7],"5":[1,6],"6":[7,3],"7":[5,7],"8":[5,2],"9":[2,0]},"_coverageSchema":"1a1c01bbd47fc00a2c39e90264f33305004495a9","hash":"5b3a6b13f92414aec79dc84ec1331bb04aa3cf1f"}
,"/Users/spiffy/Documents/jobly/helpers/tokens.js": {"path":"/Users/spiffy/Documents/jobly/helpers/tokens.js","statementMap":{"0":{"start":{"line":1,"column":12},"end":{"line":1,"column":35}},"1":{"start":{"line":2,"column":23},"end":{"line":2,"column":43}},"2":{"start":{"line":7,"column":2},"end":{"line":8,"column":59}},"3":{"start":{"line":10,"column":16},"end":{"line":13,"column":3}},"4":{"start":{"line":15,"column":2},"end":{"line":15,"column":39}},"5":{"start":{"line":18,"column":0},"end":{"line":18,"column":33}}},"fnMap":{"0":{"name":"createToken","decl":{"start":{"line":6,"column":9},"end":{"line":6,"column":20}},"loc":{"start":{"line":6,"column":27},"end":{"line":16,"column":1}},"line":6}},"branchMap":{"0":{"loc":{"start":{"line":12,"column":14},"end":{"line":12,"column":36}},"type":"binary-expr","locations":[{"start":{"line":12,"column":14},"end":{"line":12,"column":27}},{"start":{"line":12,"column":31},"end":{"line":12,"column":36}}],"line":12}},"s":{"0":7,"1":7,"2":7,"3":7,"4":7,"5":7},"f":{"0":7},"b":{"0":[7,4]},"_coverageSchema":"1a1c01bbd47fc00a2c39e90264f33305004495a9","hash":"1754d3b11fabcccca2c66e5f664c2309e3db8c86"}
,"/Users/spiffy/Documents/jobly/middleware/auth.js": {"path":"/Users/spiffy/Documents/jobly/middleware/auth.js","statementMap":{"0":{"start":{"line":5,"column":12},"end":{"line":5,"column":35}},"1":{"start":{"line":6,"column":23},"end":{"line":6,"column":43}},"2":{"start":{"line":7,"column":30},"end":{"line":7,"column":56}},"3":{"start":{"line":21,"column":2},"end":{"line":31,"column":3}},"4":{"start":{"line":22,"column":18},"end":{"line":22,"column":33}},"5":{"start":{"line":24,"column":4},"end":{"line":24,"column":27}},"6":{"start":{"line":26,"column":4},"end":{"line":26,"column":63}},"7":{"start":{"line":26,"column":15},"end":{"line":26,"column":63}},"8":{"start":{"line":27,"column":4},"end":{"line":27,"column":18}},"9":{"start":{"line":29,"column":4},"end":{"line":29,"column":51}},"10":{"start":{"line":30,"column":4},"end":{"line":30,"column":18}},"11":{"start":{"line":44,"column":2},"end":{"line":44,"column":54}},"12":{"start":{"line":44,"column":24},"end":{"line":44,"column":54}},"13":{"start":{"line":51,"column":2},"end":{"line":56,"column":3}},"14":{"start":{"line":52,"column":4},"end":{"line":52,"column":30}},"15":{"start":{"line":53,"column":4},"end":{"line":53,"column":18}},"16":{"start":{"line":55,"column":4},"end":{"line":55,"column":21}},"17":{"start":{"line":64,"column":2},"end":{"line":74,"column":3}},"18":{"start":{"line":65,"column":4},"end":{"line":65,"column":29}},"19":{"start":{"line":67,"column":4},"end":{"line":71,"column":5}},"20":{"start":{"line":68,"column":6},"end":{"line":68,"column":19}},"21":{"start":{"line":70,"column":6},"end":{"line":70,"column":35}},"22":{"start":{"line":73,"column":4},"end":{"line":73,"column":20}},"23":{"start":{"line":77,"column":0},"end":{"line":82,"column":2}}},"fnMap":{"0":{"name":"authenticateJWT","decl":{"start":{"line":20,"column":9},"end":{"line":20,"column":24}},"loc":{"start":{"line":20,"column":41},"end":{"line":32,"column":1}},"line":20},"1":{"name":"_ensureLoggedIn","decl":{"start":{"line":42,"column":9},"end":{"line":42,"column":24}},"loc":{"start":{"line":42,"column":35},"end":{"line":45,"column":1}},"line":42},"2":{"name":"ensureLoggedIn","decl":{"start":{"line":50,"column":9},"end":{"line":50,"column":23}},"loc":{"start":{"line":50,"column":40},"end":{"line":57,"column":1}},"line":50},"3":{"name":"ensureAdmin","decl":{"start":{"line":63,"column":9},"end":{"line":63,"column":20}},"loc":{"start":{"line":63,"column":37},"end":{"line":75,"column":1}},"line":63}},"branchMap":{"0":{"loc":{"start":{"line":26,"column":4},"end":{"line":26,"column":63}},"type":"if","locations":[{"start":{"line":26,"column":4},"end":{"line":26,"column":63}},{"start":{"line":26,"column":4},"end":{"line":26,"column":63}}],"line":26},"1":{"loc":{"start":{"line":44,"column":2},"end":{"line":44,"column":54}},"type":"if","locations":[{"start":{"line":44,"column":2},"end":{"line":44,"column":54}},{"start":{"line":44,"column":2},"end":{"line":44,"column":54}}],"line":44},"2":{"loc":{"start":{"line":67,"column":4},"end":{"line":71,"column":5}},"type":"if","locations":[{"start":{"line":67,"column":4},"end":{"line":71,"column":5}},{"start":{"line":67,"column":4},"end":{"line":71,"column":5}}],"line":67},"3":{"loc":{"start":{"line":67,"column":8},"end":{"line":67,"column":60}},"type":"binary-expr","locations":[{"start":{"line":67,"column":8},"end":{"line":67,"column":23}},{"start":{"line":67,"column":27},"end":{"line":67,"column":60}}],"line":67}},"s":{"0":5,"1":5,"2":5,"3":48,"4":48,"5":48,"6":48,"7":26,"8":47,"9":1,"10":1,"11":34,"12":8,"13":0,"14":0,"15":0,"16":0,"17":32,"18":32,"19":25,"20":17,"21":8,"22":15,"23":5},"f":{"0":48,"1":34,"2":0,"3":32},"b":{"0":[26,22],"1":[8,26],"2":[17,8],"3":[25,25]},"_coverageSchema":"1a1c01bbd47fc00a2c39e90264f33305004495a9","hash":"576b1986df05c10dbfc94fee058032e835a20256"}
,"/Users/spiffy/Documents/jobly/models/_testCommon.js": {"path":"/Users/spiffy/Documents/jobly/models/_testCommon.js","statementMap":{"0":{"start":{"line":1,"column":15},"end":{"line":1,"column":32}},"1":{"start":{"line":3,"column":11},"end":{"line":3,"column":30}},"2":{"start":{"line":4,"column":43},"end":{"line":4,"column":63}},"3":{"start":{"line":5,"column":22},"end":{"line":5,"column":50}},"4":{"start":{"line":12,"column":2},"end":{"line":12,"column":42}},"5":{"start":{"line":13,"column":2},"end":{"line":13,"column":37}},"6":{"start":{"line":15,"column":2},"end":{"line":15,"column":38}},"7":{"start":{"line":17,"column":2},"end":{"line":21,"column":55}},"8":{"start":{"line":23,"column":2},"end":{"line":27,"column":44}},"9":{"start":{"line":31,"column":22},"end":{"line":35,"column":3}},"10":{"start":{"line":37,"column":2},"end":{"line":47,"column":25}},"11":{"start":{"line":52,"column":2},"end":{"line":52,"column":26}},"12":{"start":{"line":56,"column":2},"end":{"line":56,"column":29}},"13":{"start":{"line":60,"column":2},"end":{"line":60,"column":17}},"14":{"start":{"line":64,"column":0},"end":{"line":71,"column":2}}},"fnMap":{"0":{"name":"commonBeforeAll","decl":{"start":{"line":10,"column":15},"end":{"line":10,"column":30}},"loc":{"start":{"line":10,"column":33},"end":{"line":49,"column":1}},"line":10},"1":{"name":"commonBeforeEach","decl":{"start":{"line":51,"column":15},"end":{"line":51,"column":31}},"loc":{"start":{"line":51,"column":34},"end":{"line":53,"column":1}},"line":51},"2":{"name":"commonAfterEach","decl":{"start":{"line":55,"column":15},"end":{"line":55,"column":30}},"loc":{"start":{"line":55,"column":33},"end":{"line":57,"column":1}},"line":55},"3":{"name":"commonAfterAll","decl":{"start":{"line":59,"column":15},"end":{"line":59,"column":29}},"loc":{"start":{"line":59,"column":32},"end":{"line":61,"column":1}},"line":59}},"branchMap":{},"s":{"0":3,"1":3,"2":3,"3":3,"4":3,"5":3,"6":3,"7":3,"8":1,"9":1,"10":1,"11":35,"12":35,"13":3,"14":3},"f":{"0":3,"1":35,"2":35,"3":3},"b":{},"_coverageSchema":"1a1c01bbd47fc00a2c39e90264f33305004495a9","hash":"905c5cfd49128284c27eb7a87b812207c5656848"}
,"/Users/spiffy/Documents/jobly/models/company.js": {"path":"/Users/spiffy/Documents/jobly/models/company.js","statementMap":{"0":{"start":{"line":3,"column":11},"end":{"line":3,"column":27}},"1":{"start":{"line":4,"column":43},"end":{"line":4,"column":69}},"2":{"start":{"line":5,"column":58},"end":{"line":5,"column":83}},"3":{"start":{"line":18,"column":4},"end":{"line":28,"column":5}},"4":{"start":{"line":20,"column":40},"end":{"line":20,"column":102}},"5":{"start":{"line":21,"column":6},"end":{"line":21,"column":59}},"6":{"start":{"line":24,"column":6},"end":{"line":27,"column":29}},"7":{"start":{"line":29,"column":4},"end":{"line":29,"column":29}},"8":{"start":{"line":40,"column":23},"end":{"line":44,"column":15}},"9":{"start":{"line":46,"column":20},"end":{"line":50,"column":15}},"10":{"start":{"line":52,"column":20},"end":{"line":52,"column":38}},"11":{"start":{"line":54,"column":4},"end":{"line":54,"column":67}},"12":{"start":{"line":54,"column":18},"end":{"line":54,"column":67}},"13":{"start":{"line":56,"column":4},"end":{"line":56,"column":32}},"14":{"start":{"line":58,"column":4},"end":{"line":58,"column":19}},"15":{"start":{"line":71,"column":27},"end":{"line":75,"column":15}},"16":{"start":{"line":77,"column":4},"end":{"line":78,"column":64}},"17":{"start":{"line":78,"column":6},"end":{"line":78,"column":64}},"18":{"start":{"line":80,"column":19},"end":{"line":92,"column":5}},"19":{"start":{"line":93,"column":20},"end":{"line":93,"column":34}},"20":{"start":{"line":95,"column":4},"end":{"line":95,"column":19}},"21":{"start":{"line":111,"column":4},"end":{"line":111,"column":77}},"22":{"start":{"line":111,"column":40},"end":{"line":111,"column":77}},"23":{"start":{"line":113,"column":32},"end":{"line":113,"column":57}},"24":{"start":{"line":114,"column":25},"end":{"line":114,"column":50}},"25":{"start":{"line":116,"column":21},"end":{"line":123,"column":41}},"26":{"start":{"line":124,"column":19},"end":{"line":124,"column":64}},"27":{"start":{"line":125,"column":20},"end":{"line":125,"column":34}},"28":{"start":{"line":127,"column":4},"end":{"line":127,"column":67}},"29":{"start":{"line":127,"column":18},"end":{"line":127,"column":67}},"30":{"start":{"line":129,"column":4},"end":{"line":129,"column":19}},"31":{"start":{"line":138,"column":19},"end":{"line":143,"column":15}},"32":{"start":{"line":144,"column":20},"end":{"line":144,"column":34}},"33":{"start":{"line":146,"column":4},"end":{"line":146,"column":67}},"34":{"start":{"line":146,"column":18},"end":{"line":146,"column":67}},"35":{"start":{"line":151,"column":0},"end":{"line":151,"column":25}}},"fnMap":{"0":{"name":"(anonymous_0)","decl":{"start":{"line":15,"column":2},"end":{"line":15,"column":3}},"loc":{"start":{"line":15,"column":61},"end":{"line":30,"column":3}},"line":15},"1":{"name":"(anonymous_1)","decl":{"start":{"line":39,"column":2},"end":{"line":39,"column":3}},"loc":{"start":{"line":39,"column":27},"end":{"line":59,"column":3}},"line":39},"2":{"name":"(anonymous_2)","decl":{"start":{"line":70,"column":2},"end":{"line":70,"column":3}},"loc":{"start":{"line":70,"column":78},"end":{"line":96,"column":3}},"line":70},"3":{"name":"(anonymous_3)","decl":{"start":{"line":110,"column":2},"end":{"line":110,"column":3}},"loc":{"start":{"line":110,"column":36},"end":{"line":130,"column":3}},"line":110},"4":{"name":"(anonymous_4)","decl":{"start":{"line":137,"column":2},"end":{"line":137,"column":3}},"loc":{"start":{"line":137,"column":30},"end":{"line":147,"column":3}},"line":137}},"branchMap":{"0":{"loc":{"start":{"line":18,"column":4},"end":{"line":28,"column":5}},"type":"if","locations":[{"start":{"line":18,"column":4},"end":{"line":28,"column":5}},{"start":{"line":18,"column":4},"end":{"line":28,"column":5}}],"line":18},"1":{"loc":{"start":{"line":18,"column":8},"end":{"line":18,"column":48}},"type":"binary-expr","locations":[{"start":{"line":18,"column":8},"end":{"line":18,"column":16}},{"start":{"line":18,"column":20},"end":{"line":18,"column":32}},{"start":{"line":18,"column":36},"end":{"line":18,"column":48}}],"line":18},"2":{"loc":{"start":{"line":54,"column":4},"end":{"line":54,"column":67}},"type":"if","locations":[{"start":{"line":54,"column":4},"end":{"line":54,"column":67}},{"start":{"line":54,"column":4},"end":{"line":54,"column":67}}],"line":54},"3":{"loc":{"start":{"line":77,"column":4},"end":{"line":78,"column":64}},"type":"if","locations":[{"start":{"line":77,"column":4},"end":{"line":78,"column":64}},{"start":{"line":77,"column":4},"end":{"line":78,"column":64}}],"line":77},"4":{"loc":{"start":{"line":111,"column":4},"end":{"line":111,"column":77}},"type":"if","locations":[{"start":{"line":111,"column":4},"end":{"line":111,"column":77}},{"start":{"line":111,"column":4},"end":{"line":111,"column":77}}],"line":111},"5":{"loc":{"start":{"line":127,"column":4},"end":{"line":127,"column":67}},"type":"if","locations":[{"start":{"line":127,"column":4},"end":{"line":127,"column":67}},{"start":{"line":127,"column":4},"end":{"line":127,"column":67}}],"line":127},"6":{"loc":{"start":{"line":146,"column":4},"end":{"line":146,"column":67}},"type":"if","locations":[{"start":{"line":146,"column":4},"end":{"line":146,"column":67}},{"start":{"line":146,"column":4},"end":{"line":146,"column":67}}],"line":146}},"s":{"0":5,"1":5,"2":5,"3":7,"4":4,"5":3,"6":3,"7":5,"8":4,"9":4,"10":4,"11":4,"12":2,"13":2,"14":2,"15":10,"16":10,"17":2,"18":8,"19":8,"20":8,"21":4,"22":1,"23":3,"24":3,"25":3,"26":3,"27":3,"28":3,"29":1,"30":2,"31":5,"32":5,"33":5,"34":3,"35":5},"f":{"0":7,"1":4,"2":10,"3":4,"4":5},"b":{"0":[4,3],"1":[7,4,3],"2":[2,2],"3":[2,8],"4":[1,3],"5":[1,2],"6":[3,2]},"_coverageSchema":"1a1c01bbd47fc00a2c39e90264f33305004495a9","hash":"4a7be7960b4f38943ec2f0fd4e7618f96c3151cd"}
,"/Users/spiffy/Documents/jobly/models/job.js": {"path":"/Users/spiffy/Documents/jobly/models/job.js","statementMap":{"0":{"start":{"line":3,"column":11},"end":{"line":3,"column":27}},"1":{"start":{"line":4,"column":43},"end":{"line":4,"column":69}},"2":{"start":{"line":5,"column":53},"end":{"line":5,"column":78}},"3":{"start":{"line":17,"column":2},"end":{"line":27,"column":3}},"4":{"start":{"line":18,"column":37},"end":{"line":18,"column":68}},"5":{"start":{"line":19,"column":3},"end":{"line":19,"column":75}},"6":{"start":{"line":20,"column":3},"end":{"line":20,"column":51}},"7":{"start":{"line":23,"column":3},"end":{"line":26,"column":30}},"8":{"start":{"line":28,"column":2},"end":{"line":28,"column":22}},"9":{"start":{"line":39,"column":17},"end":{"line":43,"column":8}},"10":{"start":{"line":45,"column":14},"end":{"line":45,"column":28}},"11":{"start":{"line":47,"column":2},"end":{"line":47,"column":53}},"12":{"start":{"line":47,"column":12},"end":{"line":47,"column":53}},"13":{"start":{"line":49,"column":2},"end":{"line":49,"column":13}},"14":{"start":{"line":69,"column":29},"end":{"line":73,"column":20}},"15":{"start":{"line":78,"column":2},"end":{"line":80,"column":3}},"16":{"start":{"line":79,"column":3},"end":{"line":79,"column":89}},"17":{"start":{"line":82,"column":17},"end":{"line":88,"column":3}},"18":{"start":{"line":89,"column":14},"end":{"line":89,"column":28}},"19":{"start":{"line":91,"column":2},"end":{"line":91,"column":13}},"20":{"start":{"line":109,"column":2},"end":{"line":110,"column":40}},"21":{"start":{"line":110,"column":3},"end":{"line":110,"column":40}},"22":{"start":{"line":111,"column":2},"end":{"line":112,"column":62}},"23":{"start":{"line":112,"column":3},"end":{"line":112,"column":62}},"24":{"start":{"line":113,"column":2},"end":{"line":114,"column":54}},"25":{"start":{"line":114,"column":3},"end":{"line":114,"column":54}},"26":{"start":{"line":116,"column":30},"end":{"line":116,"column":55}},"27":{"start":{"line":117,"column":23},"end":{"line":117,"column":48}},"28":{"start":{"line":119,"column":19},"end":{"line":126,"column":47}},"29":{"start":{"line":127,"column":17},"end":{"line":127,"column":58}},"30":{"start":{"line":128,"column":14},"end":{"line":128,"column":28}},"31":{"start":{"line":130,"column":2},"end":{"line":130,"column":53}},"32":{"start":{"line":130,"column":12},"end":{"line":130,"column":53}},"33":{"start":{"line":132,"column":2},"end":{"line":132,"column":13}},"34":{"start":{"line":141,"column":17},"end":{"line":146,"column":8}},"35":{"start":{"line":147,"column":14},"end":{"line":147,"column":28}},"36":{"start":{"line":149,"column":2},"end":{"line":149,"column":53}},"37":{"start":{"line":149,"column":12},"end":{"line":149,"column":53}},"38":{"start":{"line":156,"column":0},"end":{"line":156,"column":21}}},"fnMap":{"0":{"name":"(anonymous_0)","decl":{"start":{"line":15,"column":1},"end":{"line":15,"column":2}},"loc":{"start":{"line":15,"column":34},"end":{"line":29,"column":2}},"line":15},"1":{"name":"(anonymous_1)","decl":{"start":{"line":38,"column":1},"end":{"line":38,"column":2}},"loc":{"start":{"line":38,"column":22},"end":{"line":50,"column":2}},"line":38},"2":{"name":"(anonymous_2)","decl":{"start":{"line":62,"column":1},"end":{"line":62,"column":2}},"loc":{"start":{"line":62,"column":64},"end":{"line":92,"column":2}},"line":62},"3":{"name":"(anonymous_3)","decl":{"start":{"line":108,"column":1},"end":{"line":108,"column":2}},"loc":{"start":{"line":108,"column":31},"end":{"line":133,"column":2}},"line":108},"4":{"name":"(anonymous_4)","decl":{"start":{"line":140,"column":1},"end":{"line":140,"column":2}},"loc":{"start":{"line":140,"column":25},"end":{"line":152,"column":2}},"line":140}},"branchMap":{"0":{"loc":{"start":{"line":17,"column":2},"end":{"line":27,"column":3}},"type":"if","locations":[{"start":{"line":17,"column":2},"end":{"line":27,"column":3}},{"start":{"line":17,"column":2},"end":{"line":27,"column":3}}],"line":17},"1":{"loc":{"start":{"line":17,"column":6},"end":{"line":17,"column":54}},"type":"binary-expr","locations":[{"start":{"line":17,"column":6},"end":{"line":17,"column":16}},{"start":{"line":17,"column":20},"end":{"line":17,"column":54}}],"line":17},"2":{"loc":{"start":{"line":47,"column":2},"end":{"line":47,"column":53}},"type":"if","locations":[{"start":{"line":47,"column":2},"end":{"line":47,"column":53}},{"start":{"line":47,"column":2},"end":{"line":47,"column":53}}],"line":47},"3":{"loc":{"start":{"line":78,"column":2},"end":{"line":80,"column":3}},"type":"if","locations":[{"start":{"line":78,"column":2},"end":{"line":80,"column":3}},{"start":{"line":78,"column":2},"end":{"line":80,"column":3}}],"line":78},"4":{"loc":{"start":{"line":109,"column":2},"end":{"line":110,"column":40}},"type":"if","locations":[{"start":{"line":109,"column":2},"end":{"line":110,"column":40}},{"start":{"line":109,"column":2},"end":{"line":110,"column":40}}],"line":109},"5":{"loc":{"start":{"line":111,"column":2},"end":{"line":112,"column":62}},"type":"if","locations":[{"start":{"line":111,"column":2},"end":{"line":112,"column":62}},{"start":{"line":111,"column":2},"end":{"line":112,"column":62}}],"line":111},"6":{"loc":{"start":{"line":113,"column":2},"end":{"line":114,"column":54}},"type":"if","locations":[{"start":{"line":113,"column":2},"end":{"line":114,"column":54}},{"start":{"line":113,"column":2},"end":{"line":114,"column":54}}],"line":113},"7":{"loc":{"start":{"line":130,"column":2},"end":{"line":130,"column":53}},"type":"if","locations":[{"start":{"line":130,"column":2},"end":{"line":130,"column":53}},{"start":{"line":130,"column":2},"end":{"line":130,"column":53}}],"line":130},"8":{"loc":{"start":{"line":149,"column":2},"end":{"line":149,"column":53}},"type":"if","locations":[{"start":{"line":149,"column":2},"end":{"line":149,"column":53}},{"start":{"line":149,"column":2},"end":{"line":149,"column":53}}],"line":149}},"s":{"0":5,"1":5,"2":5,"3":6,"4":3,"5":3,"6":3,"7":3,"8":5,"9":4,"10":3,"11":3,"12":1,"13":2,"14":9,"15":9,"16":1,"17":8,"18":8,"19":8,"20":5,"21":1,"22":4,"23":1,"24":3,"25":0,"26":3,"27":3,"28":3,"29":3,"30":3,"31":3,"32":1,"33":2,"34":3,"35":2,"36":2,"37":0,"38":5},"f":{"0":6,"1":4,"2":9,"3":5,"4":3},"b":{"0":[3,3],"1":[6,5],"2":[1,2],"3":[1,8],"4":[1,4],"5":[1,3],"6":[0,3],"7":[1,2],"8":[0,2]},"_coverageSchema":"1a1c01bbd47fc00a2c39e90264f33305004495a9","hash":"fd64195c4843d85adf9eaa22e78dc972706bf9dc"}
,"/Users/spiffy/Documents/jobly/models/user.js": {"path":"/Users/spiffy/Documents/jobly/models/user.js","statementMap":{"0":{"start":{"line":3,"column":11},"end":{"line":3,"column":27}},"1":{"start":{"line":4,"column":15},"end":{"line":4,"column":32}},"2":{"start":{"line":8,"column":4},"end":{"line":8,"column":30}},"3":{"start":{"line":10,"column":31},"end":{"line":10,"column":54}},"4":{"start":{"line":24,"column":19},"end":{"line":34,"column":5}},"5":{"start":{"line":36,"column":17},"end":{"line":36,"column":31}},"6":{"start":{"line":38,"column":4},"end":{"line":45,"column":5}},"7":{"start":{"line":40,"column":22},"end":{"line":40,"column":67}},"8":{"start":{"line":41,"column":6},"end":{"line":44,"column":7}},"9":{"start":{"line":42,"column":8},"end":{"line":42,"column":29}},"10":{"start":{"line":43,"column":8},"end":{"line":43,"column":20}},"11":{"start":{"line":47,"column":4},"end":{"line":47,"column":61}},"12":{"start":{"line":59,"column":27},"end":{"line":64,"column":5}},"13":{"start":{"line":66,"column":4},"end":{"line":68,"column":5}},"14":{"start":{"line":67,"column":6},"end":{"line":67,"column":72}},"15":{"start":{"line":70,"column":27},"end":{"line":70,"column":74}},"16":{"start":{"line":72,"column":19},"end":{"line":90,"column":5}},"17":{"start":{"line":92,"column":17},"end":{"line":92,"column":31}},"18":{"start":{"line":94,"column":4},"end":{"line":94,"column":16}},"19":{"start":{"line":98,"column":0},"end":{"line":98,"column":22}}},"fnMap":{"0":{"name":"(anonymous_0)","decl":{"start":{"line":22,"column":2},"end":{"line":22,"column":3}},"loc":{"start":{"line":22,"column":48},"end":{"line":48,"column":3}},"line":22},"1":{"name":"(anonymous_1)","decl":{"start":{"line":57,"column":2},"end":{"line":57,"column":3}},"loc":{"start":{"line":58,"column":70},"end":{"line":95,"column":3}},"line":58}},"branchMap":{"0":{"loc":{"start":{"line":38,"column":4},"end":{"line":45,"column":5}},"type":"if","locations":[{"start":{"line":38,"column":4},"end":{"line":45,"column":5}},{"start":{"line":38,"column":4},"end":{"line":45,"column":5}}],"line":38},"1":{"loc":{"start":{"line":41,"column":6},"end":{"line":44,"column":7}},"type":"if","locations":[{"start":{"line":41,"column":6},"end":{"line":44,"column":7}},{"start":{"line":41,"column":6},"end":{"line":44,"column":7}}],"line":41},"2":{"loc":{"start":{"line":66,"column":4},"end":{"line":68,"column":5}},"type":"if","locations":[{"start":{"line":66,"column":4},"end":{"line":68,"column":5}},{"start":{"line":66,"column":4},"end":{"line":68,"column":5}}],"line":66}},"s":{"0":5,"1":5,"2":5,"3":5,"4":6,"5":6,"6":6,"7":2,"8":2,"9":0,"10":0,"11":6,"12":13,"13":13,"14":1,"15":12,"16":12,"17":11,"18":11,"19":5},"f":{"0":6,"1":13},"b":{"0":[2,4],"1":[0,2],"2":[1,12]},"_coverageSchema":"1a1c01bbd47fc00a2c39e90264f33305004495a9","hash":"02219b087b49993f2359b1583bac666cd507f55a"}
,"/Users/spiffy/Documents/jobly/routes/_testCommon.js": {"path":"/Users/spiffy/Documents/jobly/routes/_testCommon.js","statementMap":{"0":{"start":{"line":3,"column":11},"end":{"line":3,"column":30}},"1":{"start":{"line":4,"column":13},"end":{"line":4,"column":38}},"2":{"start":{"line":5,"column":16},"end":{"line":5,"column":44}},"3":{"start":{"line":6,"column":12},"end":{"line":6,"column":36}},"4":{"start":{"line":7,"column":24},"end":{"line":7,"column":52}},"5":{"start":{"line":9,"column":11},"end":{"line":9,"column":13}},"6":{"start":{"line":13,"column":2},"end":{"line":13,"column":38}},"7":{"start":{"line":15,"column":2},"end":{"line":15,"column":42}},"8":{"start":{"line":17,"column":2},"end":{"line":18,"column":74}},"9":{"start":{"line":19,"column":2},"end":{"line":20,"column":74}},"10":{"start":{"line":21,"column":2},"end":{"line":22,"column":74}},"11":{"start":{"line":25,"column":2},"end":{"line":26,"column":73}},"12":{"start":{"line":27,"column":2},"end":{"line":28,"column":73}},"13":{"start":{"line":29,"column":2},"end":{"line":30,"column":73}},"14":{"start":{"line":32,"column":2},"end":{"line":39,"column":5}},"15":{"start":{"line":40,"column":2},"end":{"line":47,"column":5}},"16":{"start":{"line":48,"column":2},"end":{"line":55,"column":5}},"17":{"start":{"line":56,"column":2},"end":{"line":63,"column":4}},"18":{"start":{"line":67,"column":2},"end":{"line":67,"column":26}},"19":{"start":{"line":71,"column":2},"end":{"line":71,"column":29}},"20":{"start":{"line":75,"column":2},"end":{"line":75,"column":17}},"21":{"start":{"line":79,"column":16},"end":{"line":79,"column":64}},"22":{"start":{"line":80,"column":19},"end":{"line":80,"column":69}},"23":{"start":{"line":82,"column":0},"end":{"line":90,"column":2}}},"fnMap":{"0":{"name":"commonBeforeAll","decl":{"start":{"line":11,"column":15},"end":{"line":11,"column":30}},"loc":{"start":{"line":11,"column":33},"end":{"line":64,"column":1}},"line":11},"1":{"name":"commonBeforeEach","decl":{"start":{"line":66,"column":15},"end":{"line":66,"column":31}},"loc":{"start":{"line":66,"column":34},"end":{"line":68,"column":1}},"line":66},"2":{"name":"commonAfterEach","decl":{"start":{"line":70,"column":15},"end":{"line":70,"column":30}},"loc":{"start":{"line":70,"column":33},"end":{"line":72,"column":1}},"line":70},"3":{"name":"commonAfterAll","decl":{"start":{"line":74,"column":15},"end":{"line":74,"column":29}},"loc":{"start":{"line":74,"column":32},"end":{"line":76,"column":1}},"line":74}},"branchMap":{},"s":{"0":3,"1":3,"2":3,"3":3,"4":3,"5":3,"6":3,"7":3,"8":3,"9":2,"10":2,"11":2,"12":2,"13":2,"14":2,"15":2,"16":2,"17":2,"18":44,"19":44,"20":3,"21":3,"22":3,"23":3},"f":{"0":3,"1":44,"2":44,"3":3},"b":{},"_coverageSchema":"1a1c01bbd47fc00a2c39e90264f33305004495a9","hash":"b7923724f6e85782b25aea74b4e27497bf7a118b"}
,"/Users/spiffy/Documents/jobly/routes/auth.js": {"path":"/Users/spiffy/Documents/jobly/routes/auth.js","statementMap":{"0":{"start":{"line":5,"column":19},"end":{"line":5,"column":40}},"1":{"start":{"line":7,"column":13},"end":{"line":7,"column":38}},"2":{"start":{"line":8,"column":16},"end":{"line":8,"column":34}},"3":{"start":{"line":9,"column":15},"end":{"line":9,"column":35}},"4":{"start":{"line":10,"column":24},"end":{"line":10,"column":52}},"5":{"start":{"line":11,"column":23},"end":{"line":11,"column":58}},"6":{"start":{"line":12,"column":27},"end":{"line":12,"column":66}},"7":{"start":{"line":13,"column":28},"end":{"line":13,"column":54}},"8":{"start":{"line":22,"column":0},"end":{"line":37,"column":3}},"9":{"start":{"line":23,"column":2},"end":{"line":36,"column":3}},"10":{"start":{"line":24,"column":22},"end":{"line":24,"column":67}},"11":{"start":{"line":25,"column":4},"end":{"line":28,"column":5}},"12":{"start":{"line":26,"column":19},"end":{"line":26,"column":53}},"13":{"start":{"line":26,"column":45},"end":{"line":26,"column":52}},"14":{"start":{"line":27,"column":6},"end":{"line":27,"column":38}},"15":{"start":{"line":30,"column":35},"end":{"line":30,"column":43}},"16":{"start":{"line":31,"column":17},"end":{"line":31,"column":60}},"17":{"start":{"line":32,"column":18},"end":{"line":32,"column":35}},"18":{"start":{"line":33,"column":4},"end":{"line":33,"column":31}},"19":{"start":{"line":35,"column":4},"end":{"line":35,"column":21}},"20":{"start":{"line":49,"column":0},"end":{"line":63,"column":3}},"21":{"start":{"line":50,"column":2},"end":{"line":62,"column":3}},"22":{"start":{"line":51,"column":22},"end":{"line":51,"column":71}},"23":{"start":{"line":52,"column":4},"end":{"line":55,"column":5}},"24":{"start":{"line":53,"column":19},"end":{"line":53,"column":53}},"25":{"start":{"line":53,"column":45},"end":{"line":53,"column":52}},"26":{"start":{"line":54,"column":6},"end":{"line":54,"column":38}},"27":{"start":{"line":57,"column":20},"end":{"line":57,"column":73}},"28":{"start":{"line":58,"column":18},"end":{"line":58,"column":38}},"29":{"start":{"line":59,"column":4},"end":{"line":59,"column":43}},"30":{"start":{"line":61,"column":4},"end":{"line":61,"column":21}},"31":{"start":{"line":66,"column":0},"end":{"line":66,"column":24}}},"fnMap":{"0":{"name":"(anonymous_0)","decl":{"start":{"line":22,"column":22},"end":{"line":22,"column":23}},"loc":{"start":{"line":22,"column":54},"end":{"line":37,"column":1}},"line":22},"1":{"name":"(anonymous_1)","decl":{"start":{"line":26,"column":40},"end":{"line":26,"column":41}},"loc":{"start":{"line":26,"column":45},"end":{"line":26,"column":52}},"line":26},"2":{"name":"(anonymous_2)","decl":{"start":{"line":49,"column":25},"end":{"line":49,"column":26}},"loc":{"start":{"line":49,"column":57},"end":{"line":63,"column":1}},"line":49},"3":{"name":"(anonymous_3)","decl":{"start":{"line":53,"column":40},"end":{"line":53,"column":41}},"loc":{"start":{"line":53,"column":45},"end":{"line":53,"column":52}},"line":53}},"branchMap":{"0":{"loc":{"start":{"line":25,"column":4},"end":{"line":28,"column":5}},"type":"if","locations":[{"start":{"line":25,"column":4},"end":{"line":28,"column":5}},{"start":{"line":25,"column":4},"end":{"line":28,"column":5}}],"line":25},"1":{"loc":{"start":{"line":52,"column":4},"end":{"line":55,"column":5}},"type":"if","locations":[{"start":{"line":52,"column":4},"end":{"line":55,"column":5}},{"start":{"line":52,"column":4},"end":{"line":55,"column":5}}],"line":52}},"s":{"0":4,"1":4,"2":4,"3":4,"4":4,"5":4,"6":4,"7":4,"8":4,"9":5,"10":5,"11":5,"12":2,"13":2,"14":2,"15":3,"16":3,"17":0,"18":0,"19":5,"20":4,"21":3,"22":3,"23":3,"24":2,"25":5,"26":2,"27":1,"28":1,"29":1,"30":2,"31":4},"f":{"0":5,"1":2,"2":3,"3":5},"b":{"0":[2,3],"1":[2,1]},"_coverageSchema":"1a1c01bbd47fc00a2c39e90264f33305004495a9","hash":"ebbd0a229173b67af46a48c012759aee5e22edf2"}
,"/Users/spiffy/Documents/jobly/routes/companies.js": {"path":"/Users/spiffy/Documents/jobly/routes/companies.js","statementMap":{"0":{"start":{"line":5,"column":19},"end":{"line":5,"column":40}},"1":{"start":{"line":6,"column":16},"end":{"line":6,"column":34}},"2":{"start":{"line":8,"column":28},"end":{"line":8,"column":54}},"3":{"start":{"line":9,"column":40},"end":{"line":9,"column":69}},"4":{"start":{"line":10,"column":16},"end":{"line":10,"column":44}},"5":{"start":{"line":12,"column":25},"end":{"line":12,"column":62}},"6":{"start":{"line":13,"column":28},"end":{"line":13,"column":68}},"7":{"start":{"line":14,"column":27},"end":{"line":14,"column":66}},"8":{"start":{"line":16,"column":15},"end":{"line":16,"column":35}},"9":{"start":{"line":28,"column":0},"end":{"line":45,"column":3}},"10":{"start":{"line":29,"column":2},"end":{"line":44,"column":3}},"11":{"start":{"line":30,"column":22},"end":{"line":30,"column":71}},"12":{"start":{"line":32,"column":4},"end":{"line":35,"column":5}},"13":{"start":{"line":33,"column":19},"end":{"line":33,"column":53}},"14":{"start":{"line":33,"column":45},"end":{"line":33,"column":52}},"15":{"start":{"line":34,"column":6},"end":{"line":34,"column":38}},"16":{"start":{"line":37,"column":53},"end":{"line":37,"column":62}},"17":{"start":{"line":39,"column":22},"end":{"line":39,"column":81}},"18":{"start":{"line":41,"column":4},"end":{"line":41,"column":35}},"19":{"start":{"line":43,"column":4},"end":{"line":43,"column":21}},"20":{"start":{"line":55,"column":0},"end":{"line":62,"column":3}},"21":{"start":{"line":56,"column":2},"end":{"line":61,"column":3}},"22":{"start":{"line":57,"column":20},"end":{"line":57,"column":56}},"23":{"start":{"line":58,"column":4},"end":{"line":58,"column":33}},"24":{"start":{"line":60,"column":4},"end":{"line":60,"column":21}},"25":{"start":{"line":74,"column":0},"end":{"line":88,"column":3}},"26":{"start":{"line":75,"column":2},"end":{"line":87,"column":3}},"27":{"start":{"line":77,"column":22},"end":{"line":77,"column":69}},"28":{"start":{"line":78,"column":4},"end":{"line":81,"column":5}},"29":{"start":{"line":79,"column":19},"end":{"line":79,"column":53}},"30":{"start":{"line":79,"column":45},"end":{"line":79,"column":52}},"31":{"start":{"line":80,"column":6},"end":{"line":80,"column":38}},"32":{"start":{"line":83,"column":20},"end":{"line":83,"column":50}},"33":{"start":{"line":84,"column":4},"end":{"line":84,"column":45}},"34":{"start":{"line":86,"column":4},"end":{"line":86,"column":21}},"35":{"start":{"line":101,"column":0},"end":{"line":114,"column":3}},"36":{"start":{"line":102,"column":2},"end":{"line":113,"column":3}},"37":{"start":{"line":103,"column":22},"end":{"line":103,"column":72}},"38":{"start":{"line":104,"column":4},"end":{"line":107,"column":5}},"39":{"start":{"line":105,"column":19},"end":{"line":105,"column":53}},"40":{"start":{"line":105,"column":45},"end":{"line":105,"column":52}},"41":{"start":{"line":106,"column":6},"end":{"line":106,"column":38}},"42":{"start":{"line":109,"column":20},"end":{"line":109,"column":69}},"43":{"start":{"line":110,"column":4},"end":{"line":110,"column":33}},"44":{"start":{"line":112,"column":4},"end":{"line":112,"column":21}},"45":{"start":{"line":121,"column":0},"end":{"line":128,"column":3}},"46":{"start":{"line":122,"column":2},"end":{"line":127,"column":3}},"47":{"start":{"line":123,"column":4},"end":{"line":123,"column":44}},"48":{"start":{"line":124,"column":4},"end":{"line":124,"column":52}},"49":{"start":{"line":126,"column":4},"end":{"line":126,"column":21}},"50":{"start":{"line":130,"column":0},"end":{"line":130,"column":24}}},"fnMap":{"0":{"name":"(anonymous_0)","decl":{"start":{"line":28,"column":16},"end":{"line":28,"column":17}},"loc":{"start":{"line":28,"column":48},"end":{"line":45,"column":1}},"line":28},"1":{"name":"(anonymous_1)","decl":{"start":{"line":33,"column":40},"end":{"line":33,"column":41}},"loc":{"start":{"line":33,"column":45},"end":{"line":33,"column":52}},"line":33},"2":{"name":"(anonymous_2)","decl":{"start":{"line":55,"column":23},"end":{"line":55,"column":24}},"loc":{"start":{"line":55,"column":55},"end":{"line":62,"column":1}},"line":55},"3":{"name":"(anonymous_3)","decl":{"start":{"line":74,"column":30},"end":{"line":74,"column":31}},"loc":{"start":{"line":74,"column":62},"end":{"line":88,"column":1}},"line":74},"4":{"name":"(anonymous_4)","decl":{"start":{"line":79,"column":40},"end":{"line":79,"column":41}},"loc":{"start":{"line":79,"column":45},"end":{"line":79,"column":52}},"line":79},"5":{"name":"(anonymous_5)","decl":{"start":{"line":101,"column":38},"end":{"line":101,"column":39}},"loc":{"start":{"line":101,"column":70},"end":{"line":114,"column":1}},"line":101},"6":{"name":"(anonymous_6)","decl":{"start":{"line":105,"column":40},"end":{"line":105,"column":41}},"loc":{"start":{"line":105,"column":45},"end":{"line":105,"column":52}},"line":105},"7":{"name":"(anonymous_7)","decl":{"start":{"line":121,"column":39},"end":{"line":121,"column":40}},"loc":{"start":{"line":121,"column":71},"end":{"line":128,"column":1}},"line":121}},"branchMap":{"0":{"loc":{"start":{"line":32,"column":4},"end":{"line":35,"column":5}},"type":"if","locations":[{"start":{"line":32,"column":4},"end":{"line":35,"column":5}},{"start":{"line":32,"column":4},"end":{"line":35,"column":5}}],"line":32},"1":{"loc":{"start":{"line":78,"column":4},"end":{"line":81,"column":5}},"type":"if","locations":[{"start":{"line":78,"column":4},"end":{"line":81,"column":5}},{"start":{"line":78,"column":4},"end":{"line":81,"column":5}}],"line":78},"2":{"loc":{"start":{"line":104,"column":4},"end":{"line":107,"column":5}},"type":"if","locations":[{"start":{"line":104,"column":4},"end":{"line":107,"column":5}},{"start":{"line":104,"column":4},"end":{"line":107,"column":5}}],"line":104}},"s":{"0":4,"1":4,"2":4,"3":4,"4":4,"5":4,"6":4,"7":4,"8":4,"9":4,"10":2,"11":2,"12":2,"13":0,"14":0,"15":0,"16":2,"17":2,"18":1,"19":1,"20":4,"21":2,"22":2,"23":1,"24":1,"25":4,"26":3,"27":3,"28":3,"29":2,"30":3,"31":2,"32":1,"33":1,"34":2,"35":4,"36":3,"37":3,"38":3,"39":2,"40":2,"41":2,"42":1,"43":1,"44":2,"45":4,"46":3,"47":3,"48":1,"49":2,"50":4},"f":{"0":2,"1":0,"2":2,"3":3,"4":3,"5":3,"6":2,"7":3},"b":{"0":[0,2],"1":[2,1],"2":[2,1]},"_coverageSchema":"1a1c01bbd47fc00a2c39e90264f33305004495a9","hash":"90933c7196abaf45e0eba83917667903afb3a423"}
,"/Users/spiffy/Documents/jobly/routes/jobs.js": {"path":"/Users/spiffy/Documents/jobly/routes/jobs.js","statementMap":{"0":{"start":{"line":5,"column":19},"end":{"line":5,"column":40}},"1":{"start":{"line":6,"column":16},"end":{"line":6,"column":34}},"2":{"start":{"line":8,"column":28},"end":{"line":8,"column":54}},"3":{"start":{"line":9,"column":40},"end":{"line":9,"column":69}},"4":{"start":{"line":10,"column":12},"end":{"line":10,"column":36}},"5":{"start":{"line":12,"column":21},"end":{"line":12,"column":54}},"6":{"start":{"line":13,"column":24},"end":{"line":13,"column":60}},"7":{"start":{"line":14,"column":22},"end":{"line":14,"column":56}},"8":{"start":{"line":16,"column":15},"end":{"line":16,"column":35}},"9":{"start":{"line":28,"column":0},"end":{"line":43,"column":3}},"10":{"start":{"line":29,"column":2},"end":{"line":42,"column":3}},"11":{"start":{"line":30,"column":22},"end":{"line":30,"column":66}},"12":{"start":{"line":32,"column":4},"end":{"line":35,"column":5}},"13":{"start":{"line":33,"column":19},"end":{"line":33,"column":53}},"14":{"start":{"line":33,"column":45},"end":{"line":33,"column":52}},"15":{"start":{"line":34,"column":6},"end":{"line":34,"column":38}},"16":{"start":{"line":37,"column":17},"end":{"line":37,"column":45}},"17":{"start":{"line":39,"column":4},"end":{"line":39,"column":30}},"18":{"start":{"line":41,"column":4},"end":{"line":41,"column":21}},"19":{"start":{"line":52,"column":0},"end":{"line":59,"column":3}},"20":{"start":{"line":53,"column":2},"end":{"line":58,"column":3}},"21":{"start":{"line":54,"column":16},"end":{"line":54,"column":44}},"22":{"start":{"line":55,"column":4},"end":{"line":55,"column":29}},"23":{"start":{"line":57,"column":4},"end":{"line":57,"column":21}},"24":{"start":{"line":70,"column":0},"end":{"line":83,"column":3}},"25":{"start":{"line":71,"column":2},"end":{"line":82,"column":3}},"26":{"start":{"line":72,"column":22},"end":{"line":72,"column":65}},"27":{"start":{"line":73,"column":4},"end":{"line":76,"column":5}},"28":{"start":{"line":74,"column":19},"end":{"line":74,"column":53}},"29":{"start":{"line":74,"column":45},"end":{"line":74,"column":52}},"30":{"start":{"line":75,"column":6},"end":{"line":75,"column":38}},"31":{"start":{"line":78,"column":16},"end":{"line":78,"column":42}},"32":{"start":{"line":79,"column":4},"end":{"line":79,"column":41}},"33":{"start":{"line":81,"column":4},"end":{"line":81,"column":21}},"34":{"start":{"line":97,"column":0},"end":{"line":110,"column":3}},"35":{"start":{"line":98,"column":2},"end":{"line":109,"column":3}},"36":{"start":{"line":99,"column":22},"end":{"line":99,"column":68}},"37":{"start":{"line":100,"column":4},"end":{"line":103,"column":5}},"38":{"start":{"line":101,"column":19},"end":{"line":101,"column":53}},"39":{"start":{"line":101,"column":45},"end":{"line":101,"column":52}},"40":{"start":{"line":102,"column":6},"end":{"line":102,"column":38}},"41":{"start":{"line":105,"column":16},"end":{"line":105,"column":57}},"42":{"start":{"line":106,"column":4},"end":{"line":106,"column":29}},"43":{"start":{"line":108,"column":4},"end":{"line":108,"column":21}},"44":{"start":{"line":116,"column":0},"end":{"line":123,"column":3}},"45":{"start":{"line":117,"column":2},"end":{"line":122,"column":3}},"46":{"start":{"line":118,"column":4},"end":{"line":118,"column":36}},"47":{"start":{"line":119,"column":4},"end":{"line":119,"column":48}},"48":{"start":{"line":121,"column":4},"end":{"line":121,"column":21}},"49":{"start":{"line":124,"column":0},"end":{"line":124,"column":24}}},"fnMap":{"0":{"name":"(anonymous_0)","decl":{"start":{"line":28,"column":16},"end":{"line":28,"column":17}},"loc":{"start":{"line":28,"column":48},"end":{"line":43,"column":1}},"line":28},"1":{"name":"(anonymous_1)","decl":{"start":{"line":33,"column":40},"end":{"line":33,"column":41}},"loc":{"start":{"line":33,"column":45},"end":{"line":33,"column":52}},"line":33},"2":{"name":"(anonymous_2)","decl":{"start":{"line":52,"column":19},"end":{"line":52,"column":20}},"loc":{"start":{"line":52,"column":51},"end":{"line":59,"column":1}},"line":52},"3":{"name":"(anonymous_3)","decl":{"start":{"line":70,"column":30},"end":{"line":70,"column":31}},"loc":{"start":{"line":70,"column":62},"end":{"line":83,"column":1}},"line":70},"4":{"name":"(anonymous_4)","decl":{"start":{"line":74,"column":40},"end":{"line":74,"column":41}},"loc":{"start":{"line":74,"column":45},"end":{"line":74,"column":52}},"line":74},"5":{"name":"(anonymous_5)","decl":{"start":{"line":97,"column":34},"end":{"line":97,"column":35}},"loc":{"start":{"line":97,"column":66},"end":{"line":110,"column":1}},"line":97},"6":{"name":"(anonymous_6)","decl":{"start":{"line":101,"column":40},"end":{"line":101,"column":41}},"loc":{"start":{"line":101,"column":45},"end":{"line":101,"column":52}},"line":101},"7":{"name":"(anonymous_7)","decl":{"start":{"line":116,"column":35},"end":{"line":116,"column":36}},"loc":{"start":{"line":116,"column":67},"end":{"line":123,"column":1}},"line":116}},"branchMap":{"0":{"loc":{"start":{"line":32,"column":4},"end":{"line":35,"column":5}},"type":"if","locations":[{"start":{"line":32,"column":4},"end":{"line":35,"column":5}},{"start":{"line":32,"column":4},"end":{"line":35,"column":5}}],"line":32},"1":{"loc":{"start":{"line":73,"column":4},"end":{"line":76,"column":5}},"type":"if","locations":[{"start":{"line":73,"column":4},"end":{"line":76,"column":5}},{"start":{"line":73,"column":4},"end":{"line":76,"column":5}}],"line":73},"2":{"loc":{"start":{"line":100,"column":4},"end":{"line":103,"column":5}},"type":"if","locations":[{"start":{"line":100,"column":4},"end":{"line":103,"column":5}},{"start":{"line":100,"column":4},"end":{"line":103,"column":5}}],"line":100}},"s":{"0":4,"1":4,"2":4,"3":4,"4":4,"5":4,"6":4,"7":4,"8":4,"9":4,"10":2,"11":2,"12":2,"13":0,"14":0,"15":0,"16":2,"17":1,"18":1,"19":4,"20":2,"21":2,"22":1,"23":1,"24":4,"25":3,"26":3,"27":3,"28":2,"29":4,"30":2,"31":1,"32":1,"33":2,"34":4,"35":3,"36":3,"37":3,"38":2,"39":2,"40":2,"41":1,"42":1,"43":2,"44":4,"45":1,"46":1,"47":1,"48":0,"49":4},"f":{"0":2,"1":0,"2":2,"3":3,"4":4,"5":3,"6":2,"7":1},"b":{"0":[0,2],"1":[2,1],"2":[2,1]},"_coverageSchema":"1a1c01bbd47fc00a2c39e90264f33305004495a9","hash":"eeff9ba10d0bdbdc022d3afe5a1abe7e9790c546"}
}
