{"/Users/spiffy/Documents/jobly/app.js": {"path":"/Users/spiffy/Documents/jobly/app.js","statementMap":{"0":{"start":{"line":5,"column":16},"end":{"line":5,"column":34}},"1":{"start":{"line":7,"column":26},"end":{"line":7,"column":51}},"2":{"start":{"line":9,"column":28},"end":{"line":9,"column":56}},"3":{"start":{"line":10,"column":24},"end":{"line":10,"column":53}},"4":{"start":{"line":11,"column":19},"end":{"line":11,"column":43}},"5":{"start":{"line":13,"column":15},"end":{"line":13,"column":32}},"6":{"start":{"line":15,"column":12},"end":{"line":15,"column":21}},"7":{"start":{"line":17,"column":0},"end":{"line":17,"column":24}},"8":{"start":{"line":18,"column":0},"end":{"line":18,"column":24}},"9":{"start":{"line":19,"column":0},"end":{"line":19,"column":25}},"10":{"start":{"line":21,"column":0},"end":{"line":21,"column":39}},"11":{"start":{"line":22,"column":0},"end":{"line":22,"column":29}},"12":{"start":{"line":26,"column":0},"end":{"line":28,"column":3}},"13":{"start":{"line":27,"column":2},"end":{"line":27,"column":35}},"14":{"start":{"line":31,"column":0},"end":{"line":39,"column":3}},"15":{"start":{"line":32,"column":2},"end":{"line":32,"column":64}},"16":{"start":{"line":32,"column":39},"end":{"line":32,"column":64}},"17":{"start":{"line":33,"column":17},"end":{"line":33,"column":34}},"18":{"start":{"line":34,"column":18},"end":{"line":34,"column":29}},"19":{"start":{"line":36,"column":2},"end":{"line":38,"column":5}},"20":{"start":{"line":41,"column":0},"end":{"line":41,"column":21}}},"fnMap":{"0":{"name":"(anonymous_0)","decl":{"start":{"line":26,"column":8},"end":{"line":26,"column":9}},"loc":{"start":{"line":26,"column":34},"end":{"line":28,"column":1}},"line":26},"1":{"name":"(anonymous_1)","decl":{"start":{"line":31,"column":8},"end":{"line":31,"column":9}},"loc":{"start":{"line":31,"column":39},"end":{"line":39,"column":1}},"line":31}},"branchMap":{"0":{"loc":{"start":{"line":32,"column":2},"end":{"line":32,"column":64}},"type":"if","locations":[{"start":{"line":32,"column":2},"end":{"line":32,"column":64}},{"start":{"line":32,"column":2},"end":{"line":32,"column":64}}],"line":32},"1":{"loc":{"start":{"line":33,"column":17},"end":{"line":33,"column":34}},"type":"binary-expr","locations":[{"start":{"line":33,"column":17},"end":{"line":33,"column":27}},{"start":{"line":33,"column":31},"end":{"line":33,"column":34}}],"line":33}},"s":{"0":3,"1":3,"2":3,"3":3,"4":3,"5":3,"6":3,"7":3,"8":3,"9":3,"10":3,"11":3,"12":3,"13":1,"14":3,"15":17,"16":0,"17":17,"18":17,"19":17,"20":3},"f":{"0":1,"1":17},"b":{"0":[0,17],"1":[17,1]},"_coverageSchema":"1a1c01bbd47fc00a2c39e90264f33305004495a9","hash":"350ebcb9862c59abad85a74e8fcdd517ade03608"}
,"/Users/spiffy/Documents/jobly/config.js": {"path":"/Users/spiffy/Documents/jobly/config.js","statementMap":{"0":{"start":{"line":5,"column":0},"end":{"line":5,"column":27}},"1":{"start":{"line":7,"column":19},"end":{"line":7,"column":57}},"2":{"start":{"line":9,"column":13},"end":{"line":9,"column":38}},"3":{"start":{"line":13,"column":15},"end":{"line":15,"column":41}},"4":{"start":{"line":20,"column":27},"end":{"line":20,"column":67}},"5":{"start":{"line":23,"column":0},"end":{"line":28,"column":2}}},"fnMap":{},"branchMap":{"0":{"loc":{"start":{"line":7,"column":19},"end":{"line":7,"column":57}},"type":"binary-expr","locations":[{"start":{"line":7,"column":19},"end":{"line":7,"column":41}},{"start":{"line":7,"column":45},"end":{"line":7,"column":57}}],"line":7},"1":{"loc":{"start":{"line":9,"column":13},"end":{"line":9,"column":38}},"type":"binary-expr","locations":[{"start":{"line":9,"column":13},"end":{"line":9,"column":30}},{"start":{"line":9,"column":34},"end":{"line":9,"column":38}}],"line":9},"2":{"loc":{"start":{"line":13,"column":15},"end":{"line":15,"column":41}},"type":"cond-expr","locations":[{"start":{"line":14,"column":6},"end":{"line":14,"column":18}},{"start":{"line":15,"column":6},"end":{"line":15,"column":41}}],"line":13},"3":{"loc":{"start":{"line":15,"column":6},"end":{"line":15,"column":41}},"type":"binary-expr","locations":[{"start":{"line":15,"column":6},"end":{"line":15,"column":30}},{"start":{"line":15,"column":34},"end":{"line":15,"column":41}}],"line":15},"4":{"loc":{"start":{"line":20,"column":27},"end":{"line":20,"column":67}},"type":"cond-expr","locations":[{"start":{"line":20,"column":61},"end":{"line":20,"column":62}},{"start":{"line":20,"column":65},"end":{"line":20,"column":67}}],"line":20}},"s":{"0":6,"1":6,"2":6,"3":6,"4":6,"5":6},"f":{},"b":{"0":[6,6],"1":[6,6],"2":[6,0],"3":[0,0],"4":[6,0]},"_coverageSchema":"1a1c01bbd47fc00a2c39e90264f33305004495a9","hash":"022e2689e6eeb0cf6f82da2642a28b013ffe4bd7"}
,"/Users/spiffy/Documents/jobly/db.js": {"path":"/Users/spiffy/Documents/jobly/db.js","statementMap":{"0":{"start":{"line":5,"column":19},"end":{"line":5,"column":32}},"1":{"start":{"line":6,"column":19},"end":{"line":6,"column":38}},"2":{"start":{"line":8,"column":11},"end":{"line":10,"column":2}},"3":{"start":{"line":12,"column":0},"end":{"line":12,"column":13}},"4":{"start":{"line":14,"column":0},"end":{"line":14,"column":20}}},"fnMap":{},"branchMap":{},"s":{"0":5,"1":5,"2":5,"3":5,"4":5},"f":{},"b":{},"_coverageSchema":"1a1c01bbd47fc00a2c39e90264f33305004495a9","hash":"996ac65019cb9177e9f27bf0f76e70a728a20932"}
,"/Users/spiffy/Documents/jobly/expressError.js": {"path":"/Users/spiffy/Documents/jobly/expressError.js","statementMap":{"0":{"start":{"line":9,"column":4},"end":{"line":9,"column":12}},"1":{"start":{"line":10,"column":4},"end":{"line":10,"column":27}},"2":{"start":{"line":11,"column":4},"end":{"line":11,"column":25}},"3":{"start":{"line":19,"column":4},"end":{"line":19,"column":24}},"4":{"start":{"line":27,"column":4},"end":{"line":27,"column":24}},"5":{"start":{"line":35,"column":4},"end":{"line":35,"column":24}},"6":{"start":{"line":43,"column":4},"end":{"line":43,"column":24}},"7":{"start":{"line":47,"column":0},"end":{"line":53,"column":2}}},"fnMap":{"0":{"name":"(anonymous_0)","decl":{"start":{"line":8,"column":2},"end":{"line":8,"column":3}},"loc":{"start":{"line":8,"column":31},"end":{"line":12,"column":3}},"line":8},"1":{"name":"(anonymous_1)","decl":{"start":{"line":18,"column":2},"end":{"line":18,"column":3}},"loc":{"start":{"line":18,"column":37},"end":{"line":20,"column":3}},"line":18},"2":{"name":"(anonymous_2)","decl":{"start":{"line":26,"column":2},"end":{"line":26,"column":3}},"loc":{"start":{"line":26,"column":40},"end":{"line":28,"column":3}},"line":26},"3":{"name":"(anonymous_3)","decl":{"start":{"line":34,"column":2},"end":{"line":34,"column":3}},"loc":{"start":{"line":34,"column":39},"end":{"line":36,"column":3}},"line":34},"4":{"name":"(anonymous_4)","decl":{"start":{"line":42,"column":2},"end":{"line":42,"column":3}},"loc":{"start":{"line":42,"column":39},"end":{"line":44,"column":3}},"line":42}},"branchMap":{"0":{"loc":{"start":{"line":18,"column":14},"end":{"line":18,"column":35}},"type":"default-arg","locations":[{"start":{"line":18,"column":24},"end":{"line":18,"column":35}}],"line":18},"1":{"loc":{"start":{"line":26,"column":14},"end":{"line":26,"column":38}},"type":"default-arg","locations":[{"start":{"line":26,"column":24},"end":{"line":26,"column":38}}],"line":26},"2":{"loc":{"start":{"line":34,"column":14},"end":{"line":34,"column":37}},"type":"default-arg","locations":[{"start":{"line":34,"column":24},"end":{"line":34,"column":37}}],"line":34},"3":{"loc":{"start":{"line":42,"column":14},"end":{"line":42,"column":37}},"type":"default-arg","locations":[{"start":{"line":42,"column":24},"end":{"line":42,"column":37}}],"line":42}},"s":{"0":26,"1":26,"2":26,"3":6,"4":8,"5":12,"6":0,"7":7},"f":{"0":26,"1":6,"2":8,"3":12,"4":0},"b":{"0":[1],"1":[4],"2":[0],"3":[0]},"_coverageSchema":"1a1c01bbd47fc00a2c39e90264f33305004495a9","hash":"472681bed5877d255df8a47c005749f89e9933d9"}
,"/Users/spiffy/Documents/jobly/helpers/sql.js": {"path":"/Users/spiffy/Documents/jobly/helpers/sql.js","statementMap":{"0":{"start":{"line":1,"column":28},"end":{"line":1,"column":54}},"1":{"start":{"line":11,"column":15},"end":{"line":12,"column":41}},"2":{"start":{"line":12,"column":20},"end":{"line":12,"column":40}},"3":{"start":{"line":14,"column":2},"end":{"line":17,"column":4}},"4":{"start":{"line":27,"column":2},"end":{"line":29,"column":3}},"5":{"start":{"line":28,"column":4},"end":{"line":28,"column":89}},"6":{"start":{"line":31,"column":27},"end":{"line":35,"column":3}},"7":{"start":{"line":37,"column":2},"end":{"line":37,"column":84}},"8":{"start":{"line":37,"column":59},"end":{"line":37,"column":82}},"9":{"start":{"line":39,"column":23},"end":{"line":49,"column":4}},"10":{"start":{"line":40,"column":21},"end":{"line":40,"column":30}},"11":{"start":{"line":42,"column":4},"end":{"line":48,"column":5}},"12":{"start":{"line":43,"column":6},"end":{"line":43,"column":38}},"13":{"start":{"line":44,"column":11},"end":{"line":48,"column":5}},"14":{"start":{"line":45,"column":6},"end":{"line":45,"column":44}},"15":{"start":{"line":46,"column":11},"end":{"line":48,"column":5}},"16":{"start":{"line":47,"column":6},"end":{"line":47,"column":44}},"17":{"start":{"line":51,"column":29},"end":{"line":51,"column":57}},"18":{"start":{"line":53,"column":21},"end":{"line":59,"column":4}},"19":{"start":{"line":54,"column":4},"end":{"line":57,"column":5}},"20":{"start":{"line":56,"column":6},"end":{"line":56,"column":40}},"21":{"start":{"line":58,"column":4},"end":{"line":58,"column":21}},"22":{"start":{"line":61,"column":16},"end":{"line":63,"column":67}},"23":{"start":{"line":64,"column":2},"end":{"line":64,"column":35}},"24":{"start":{"line":70,"column":0},"end":{"line":70,"column":64}}},"fnMap":{"0":{"name":"sqlForPartialUpdate","decl":{"start":{"line":10,"column":9},"end":{"line":10,"column":28}},"loc":{"start":{"line":10,"column":43},"end":{"line":18,"column":1}},"line":10},"1":{"name":"(anonymous_1)","decl":{"start":{"line":12,"column":6},"end":{"line":12,"column":7}},"loc":{"start":{"line":12,"column":20},"end":{"line":12,"column":40}},"line":12},"2":{"name":"sqlForFilteringByCols","decl":{"start":{"line":25,"column":9},"end":{"line":25,"column":30}},"loc":{"start":{"line":25,"column":69},"end":{"line":65,"column":1}},"line":25},"3":{"name":"(anonymous_3)","decl":{"start":{"line":37,"column":49},"end":{"line":37,"column":50}},"loc":{"start":{"line":37,"column":59},"end":{"line":37,"column":82}},"line":37},"4":{"name":"(anonymous_4)","decl":{"start":{"line":39,"column":46},"end":{"line":39,"column":47}},"loc":{"start":{"line":39,"column":63},"end":{"line":49,"column":3}},"line":39},"5":{"name":"(anonymous_5)","decl":{"start":{"line":53,"column":44},"end":{"line":53,"column":45}},"loc":{"start":{"line":53,"column":54},"end":{"line":59,"column":3}},"line":53}},"branchMap":{"0":{"loc":{"start":{"line":27,"column":2},"end":{"line":29,"column":3}},"type":"if","locations":[{"start":{"line":27,"column":2},"end":{"line":29,"column":3}},{"start":{"line":27,"column":2},"end":{"line":29,"column":3}}],"line":27},"1":{"loc":{"start":{"line":42,"column":4},"end":{"line":48,"column":5}},"type":"if","locations":[{"start":{"line":42,"column":4},"end":{"line":48,"column":5}},{"start":{"line":42,"column":4},"end":{"line":48,"column":5}}],"line":42},"2":{"loc":{"start":{"line":44,"column":11},"end":{"line":48,"column":5}},"type":"if","locations":[{"start":{"line":44,"column":11},"end":{"line":48,"column":5}},{"start":{"line":44,"column":11},"end":{"line":48,"column":5}}],"line":44},"3":{"loc":{"start":{"line":46,"column":11},"end":{"line":48,"column":5}},"type":"if","locations":[{"start":{"line":46,"column":11},"end":{"line":48,"column":5}},{"start":{"line":46,"column":11},"end":{"line":48,"column":5}}],"line":46},"4":{"loc":{"start":{"line":54,"column":4},"end":{"line":57,"column":5}},"type":"if","locations":[{"start":{"line":54,"column":4},"end":{"line":57,"column":5}},{"start":{"line":54,"column":4},"end":{"line":57,"column":5}}],"line":54}},"s":{"0":5,"1":5,"2":5,"3":5,"4":5,"5":1,"6":4,"7":4,"8":12,"9":4,"10":6,"11":6,"12":4,"13":2,"14":2,"15":0,"16":0,"17":4,"18":4,"19":6,"20":4,"21":6,"22":4,"23":4,"24":5},"f":{"0":5,"1":5,"2":5,"3":12,"4":6,"5":6},"b":{"0":[1,4],"1":[4,2],"2":[2,0],"3":[0,0],"4":[4,2]},"_coverageSchema":"1a1c01bbd47fc00a2c39e90264f33305004495a9","hash":"ae357cd493f34a240ccbd4faeb151c8afa504c18"}
,"/Users/spiffy/Documents/jobly/helpers/tokens.js": {"path":"/Users/spiffy/Documents/jobly/helpers/tokens.js","statementMap":{"0":{"start":{"line":1,"column":12},"end":{"line":1,"column":35}},"1":{"start":{"line":2,"column":23},"end":{"line":2,"column":43}},"2":{"start":{"line":7,"column":2},"end":{"line":8,"column":59}},"3":{"start":{"line":10,"column":16},"end":{"line":13,"column":3}},"4":{"start":{"line":15,"column":2},"end":{"line":15,"column":39}},"5":{"start":{"line":18,"column":0},"end":{"line":18,"column":33}}},"fnMap":{"0":{"name":"createToken","decl":{"start":{"line":6,"column":9},"end":{"line":6,"column":20}},"loc":{"start":{"line":6,"column":27},"end":{"line":16,"column":1}},"line":6}},"branchMap":{"0":{"loc":{"start":{"line":12,"column":14},"end":{"line":12,"column":36}},"type":"binary-expr","locations":[{"start":{"line":12,"column":14},"end":{"line":12,"column":27}},{"start":{"line":12,"column":31},"end":{"line":12,"column":36}}],"line":12}},"s":{"0":3,"1":3,"2":4,"3":4,"4":4,"5":3},"f":{"0":4},"b":{"0":[4,4]},"_coverageSchema":"1a1c01bbd47fc00a2c39e90264f33305004495a9","hash":"1754d3b11fabcccca2c66e5f664c2309e3db8c86"}
,"/Users/spiffy/Documents/jobly/middleware/auth.js": {"path":"/Users/spiffy/Documents/jobly/middleware/auth.js","statementMap":{"0":{"start":{"line":5,"column":12},"end":{"line":5,"column":35}},"1":{"start":{"line":6,"column":23},"end":{"line":6,"column":43}},"2":{"start":{"line":7,"column":30},"end":{"line":7,"column":56}},"3":{"start":{"line":21,"column":2},"end":{"line":30,"column":3}},"4":{"start":{"line":22,"column":18},"end":{"line":22,"column":33}},"5":{"start":{"line":24,"column":4},"end":{"line":24,"column":27}},"6":{"start":{"line":25,"column":4},"end":{"line":25,"column":63}},"7":{"start":{"line":25,"column":15},"end":{"line":25,"column":63}},"8":{"start":{"line":26,"column":4},"end":{"line":26,"column":18}},"9":{"start":{"line":28,"column":4},"end":{"line":28,"column":51}},"10":{"start":{"line":29,"column":4},"end":{"line":29,"column":18}},"11":{"start":{"line":42,"column":2},"end":{"line":42,"column":54}},"12":{"start":{"line":42,"column":24},"end":{"line":42,"column":54}},"13":{"start":{"line":49,"column":2},"end":{"line":54,"column":3}},"14":{"start":{"line":50,"column":4},"end":{"line":50,"column":30}},"15":{"start":{"line":51,"column":4},"end":{"line":51,"column":18}},"16":{"start":{"line":53,"column":4},"end":{"line":53,"column":21}},"17":{"start":{"line":58,"column":0},"end":{"line":62,"column":2}}},"fnMap":{"0":{"name":"authenticateJWT","decl":{"start":{"line":20,"column":9},"end":{"line":20,"column":24}},"loc":{"start":{"line":20,"column":41},"end":{"line":31,"column":1}},"line":20},"1":{"name":"_ensureLoggedIn","decl":{"start":{"line":41,"column":9},"end":{"line":41,"column":24}},"loc":{"start":{"line":41,"column":35},"end":{"line":43,"column":1}},"line":41},"2":{"name":"ensureLoggedIn","decl":{"start":{"line":48,"column":9},"end":{"line":48,"column":23}},"loc":{"start":{"line":48,"column":40},"end":{"line":55,"column":1}},"line":48}},"branchMap":{"0":{"loc":{"start":{"line":25,"column":4},"end":{"line":25,"column":63}},"type":"if","locations":[{"start":{"line":25,"column":4},"end":{"line":25,"column":63}},{"start":{"line":25,"column":4},"end":{"line":25,"column":63}}],"line":25},"1":{"loc":{"start":{"line":42,"column":2},"end":{"line":42,"column":54}},"type":"if","locations":[{"start":{"line":42,"column":2},"end":{"line":42,"column":54}},{"start":{"line":42,"column":2},"end":{"line":42,"column":54}}],"line":42}},"s":{"0":4,"1":4,"2":4,"3":27,"4":27,"5":27,"6":27,"7":11,"8":26,"9":1,"10":1,"11":13,"12":4,"13":11,"14":11,"15":8,"16":3,"17":4},"f":{"0":27,"1":13,"2":11},"b":{"0":[11,16],"1":[4,9]},"_coverageSchema":"1a1c01bbd47fc00a2c39e90264f33305004495a9","hash":"58d146f20ac843b7dacb3f39cb19f858b46dc0d9"}
,"/Users/spiffy/Documents/jobly/models/_testCommon.js": {"path":"/Users/spiffy/Documents/jobly/models/_testCommon.js","statementMap":{"0":{"start":{"line":1,"column":15},"end":{"line":1,"column":32}},"1":{"start":{"line":3,"column":11},"end":{"line":3,"column":30}},"2":{"start":{"line":4,"column":31},"end":{"line":4,"column":51}},"3":{"start":{"line":9,"column":2},"end":{"line":9,"column":42}},"4":{"start":{"line":11,"column":2},"end":{"line":11,"column":38}},"5":{"start":{"line":13,"column":2},"end":{"line":17,"column":55}},"6":{"start":{"line":19,"column":22},"end":{"line":22,"column":3}},"7":{"start":{"line":24,"column":2},"end":{"line":32,"column":25}},"8":{"start":{"line":36,"column":2},"end":{"line":36,"column":26}},"9":{"start":{"line":40,"column":2},"end":{"line":40,"column":29}},"10":{"start":{"line":44,"column":2},"end":{"line":44,"column":17}},"11":{"start":{"line":48,"column":0},"end":{"line":53,"column":2}}},"fnMap":{"0":{"name":"commonBeforeAll","decl":{"start":{"line":7,"column":15},"end":{"line":7,"column":30}},"loc":{"start":{"line":7,"column":33},"end":{"line":33,"column":1}},"line":7},"1":{"name":"commonBeforeEach","decl":{"start":{"line":35,"column":15},"end":{"line":35,"column":31}},"loc":{"start":{"line":35,"column":34},"end":{"line":37,"column":1}},"line":35},"2":{"name":"commonAfterEach","decl":{"start":{"line":39,"column":15},"end":{"line":39,"column":30}},"loc":{"start":{"line":39,"column":33},"end":{"line":41,"column":1}},"line":39},"3":{"name":"commonAfterAll","decl":{"start":{"line":43,"column":15},"end":{"line":43,"column":29}},"loc":{"start":{"line":43,"column":32},"end":{"line":45,"column":1}},"line":43}},"branchMap":{},"s":{"0":2,"1":2,"2":2,"3":2,"4":2,"5":2,"6":2,"7":2,"8":21,"9":21,"10":2,"11":2},"f":{"0":2,"1":21,"2":21,"3":2},"b":{},"_coverageSchema":"1a1c01bbd47fc00a2c39e90264f33305004495a9","hash":"f62e38fcd17cc442301171b0bc2338a90ea3ed50"}
,"/Users/spiffy/Documents/jobly/models/company.js": {"path":"/Users/spiffy/Documents/jobly/models/company.js","statementMap":{"0":{"start":{"line":3,"column":11},"end":{"line":3,"column":27}},"1":{"start":{"line":4,"column":43},"end":{"line":4,"column":69}},"2":{"start":{"line":5,"column":55},"end":{"line":5,"column":80}},"3":{"start":{"line":17,"column":4},"end":{"line":27,"column":5}},"4":{"start":{"line":19,"column":38},"end":{"line":19,"column":97}},"5":{"start":{"line":20,"column":6},"end":{"line":20,"column":59}},"6":{"start":{"line":23,"column":6},"end":{"line":26,"column":29}},"7":{"start":{"line":28,"column":4},"end":{"line":28,"column":29}},"8":{"start":{"line":39,"column":23},"end":{"line":43,"column":15}},"9":{"start":{"line":45,"column":20},"end":{"line":45,"column":38}},"10":{"start":{"line":47,"column":4},"end":{"line":47,"column":67}},"11":{"start":{"line":47,"column":18},"end":{"line":47,"column":67}},"12":{"start":{"line":49,"column":4},"end":{"line":49,"column":19}},"13":{"start":{"line":62,"column":27},"end":{"line":66,"column":15}},"14":{"start":{"line":68,"column":4},"end":{"line":69,"column":64}},"15":{"start":{"line":69,"column":6},"end":{"line":69,"column":64}},"16":{"start":{"line":71,"column":19},"end":{"line":83,"column":5}},"17":{"start":{"line":84,"column":20},"end":{"line":84,"column":34}},"18":{"start":{"line":86,"column":4},"end":{"line":86,"column":19}},"19":{"start":{"line":102,"column":4},"end":{"line":102,"column":77}},"20":{"start":{"line":102,"column":40},"end":{"line":102,"column":77}},"21":{"start":{"line":104,"column":32},"end":{"line":104,"column":57}},"22":{"start":{"line":105,"column":25},"end":{"line":105,"column":50}},"23":{"start":{"line":107,"column":21},"end":{"line":114,"column":41}},"24":{"start":{"line":115,"column":19},"end":{"line":115,"column":64}},"25":{"start":{"line":116,"column":20},"end":{"line":116,"column":34}},"26":{"start":{"line":118,"column":4},"end":{"line":118,"column":67}},"27":{"start":{"line":118,"column":18},"end":{"line":118,"column":67}},"28":{"start":{"line":120,"column":4},"end":{"line":120,"column":19}},"29":{"start":{"line":129,"column":19},"end":{"line":134,"column":15}},"30":{"start":{"line":135,"column":20},"end":{"line":135,"column":34}},"31":{"start":{"line":137,"column":4},"end":{"line":137,"column":67}},"32":{"start":{"line":137,"column":18},"end":{"line":137,"column":67}},"33":{"start":{"line":142,"column":0},"end":{"line":142,"column":25}}},"fnMap":{"0":{"name":"(anonymous_0)","decl":{"start":{"line":15,"column":2},"end":{"line":15,"column":3}},"loc":{"start":{"line":15,"column":61},"end":{"line":29,"column":3}},"line":15},"1":{"name":"(anonymous_1)","decl":{"start":{"line":38,"column":2},"end":{"line":38,"column":3}},"loc":{"start":{"line":38,"column":27},"end":{"line":50,"column":3}},"line":38},"2":{"name":"(anonymous_2)","decl":{"start":{"line":61,"column":2},"end":{"line":61,"column":3}},"loc":{"start":{"line":61,"column":78},"end":{"line":87,"column":3}},"line":61},"3":{"name":"(anonymous_3)","decl":{"start":{"line":101,"column":2},"end":{"line":101,"column":3}},"loc":{"start":{"line":101,"column":36},"end":{"line":121,"column":3}},"line":101},"4":{"name":"(anonymous_4)","decl":{"start":{"line":128,"column":2},"end":{"line":128,"column":3}},"loc":{"start":{"line":128,"column":30},"end":{"line":138,"column":3}},"line":128}},"branchMap":{"0":{"loc":{"start":{"line":17,"column":4},"end":{"line":27,"column":5}},"type":"if","locations":[{"start":{"line":17,"column":4},"end":{"line":27,"column":5}},{"start":{"line":17,"column":4},"end":{"line":27,"column":5}}],"line":17},"1":{"loc":{"start":{"line":17,"column":8},"end":{"line":17,"column":48}},"type":"binary-expr","locations":[{"start":{"line":17,"column":8},"end":{"line":17,"column":16}},{"start":{"line":17,"column":20},"end":{"line":17,"column":32}},{"start":{"line":17,"column":36},"end":{"line":17,"column":48}}],"line":17},"2":{"loc":{"start":{"line":47,"column":4},"end":{"line":47,"column":67}},"type":"if","locations":[{"start":{"line":47,"column":4},"end":{"line":47,"column":67}},{"start":{"line":47,"column":4},"end":{"line":47,"column":67}}],"line":47},"3":{"loc":{"start":{"line":68,"column":4},"end":{"line":69,"column":64}},"type":"if","locations":[{"start":{"line":68,"column":4},"end":{"line":69,"column":64}},{"start":{"line":68,"column":4},"end":{"line":69,"column":64}}],"line":68},"4":{"loc":{"start":{"line":102,"column":4},"end":{"line":102,"column":77}},"type":"if","locations":[{"start":{"line":102,"column":4},"end":{"line":102,"column":77}},{"start":{"line":102,"column":4},"end":{"line":102,"column":77}}],"line":102},"5":{"loc":{"start":{"line":118,"column":4},"end":{"line":118,"column":67}},"type":"if","locations":[{"start":{"line":118,"column":4},"end":{"line":118,"column":67}},{"start":{"line":118,"column":4},"end":{"line":118,"column":67}}],"line":118},"6":{"loc":{"start":{"line":137,"column":4},"end":{"line":137,"column":67}},"type":"if","locations":[{"start":{"line":137,"column":4},"end":{"line":137,"column":67}},{"start":{"line":137,"column":4},"end":{"line":137,"column":67}}],"line":137}},"s":{"0":4,"1":4,"2":4,"3":7,"4":4,"5":3,"6":3,"7":5,"8":4,"9":4,"10":4,"11":2,"12":2,"13":7,"14":7,"15":2,"16":5,"17":5,"18":5,"19":4,"20":1,"21":3,"22":3,"23":3,"24":3,"25":3,"26":3,"27":1,"28":2,"29":4,"30":4,"31":4,"32":2,"33":4},"f":{"0":7,"1":4,"2":7,"3":4,"4":4},"b":{"0":[4,3],"1":[7,4,3],"2":[2,2],"3":[2,5],"4":[1,3],"5":[1,2],"6":[2,2]},"_coverageSchema":"1a1c01bbd47fc00a2c39e90264f33305004495a9","hash":"6e155427e49e6afc311bbd2b9631e217da13a988"}
,"/Users/spiffy/Documents/jobly/models/user.js": {"path":"/Users/spiffy/Documents/jobly/models/user.js","statementMap":{"0":{"start":{"line":3,"column":11},"end":{"line":3,"column":27}},"1":{"start":{"line":4,"column":15},"end":{"line":4,"column":32}},"2":{"start":{"line":8,"column":4},"end":{"line":8,"column":30}},"3":{"start":{"line":10,"column":31},"end":{"line":10,"column":54}},"4":{"start":{"line":24,"column":19},"end":{"line":34,"column":5}},"5":{"start":{"line":36,"column":17},"end":{"line":36,"column":31}},"6":{"start":{"line":38,"column":4},"end":{"line":45,"column":5}},"7":{"start":{"line":40,"column":22},"end":{"line":40,"column":67}},"8":{"start":{"line":41,"column":6},"end":{"line":44,"column":7}},"9":{"start":{"line":42,"column":8},"end":{"line":42,"column":29}},"10":{"start":{"line":43,"column":8},"end":{"line":43,"column":20}},"11":{"start":{"line":47,"column":4},"end":{"line":47,"column":61}},"12":{"start":{"line":59,"column":27},"end":{"line":64,"column":5}},"13":{"start":{"line":66,"column":4},"end":{"line":68,"column":5}},"14":{"start":{"line":67,"column":6},"end":{"line":67,"column":72}},"15":{"start":{"line":70,"column":27},"end":{"line":70,"column":74}},"16":{"start":{"line":72,"column":19},"end":{"line":90,"column":5}},"17":{"start":{"line":92,"column":17},"end":{"line":92,"column":31}},"18":{"start":{"line":94,"column":4},"end":{"line":94,"column":16}},"19":{"start":{"line":98,"column":0},"end":{"line":98,"column":22}}},"fnMap":{"0":{"name":"(anonymous_0)","decl":{"start":{"line":22,"column":2},"end":{"line":22,"column":3}},"loc":{"start":{"line":22,"column":48},"end":{"line":48,"column":3}},"line":22},"1":{"name":"(anonymous_1)","decl":{"start":{"line":57,"column":2},"end":{"line":57,"column":3}},"loc":{"start":{"line":58,"column":70},"end":{"line":95,"column":3}},"line":58}},"branchMap":{"0":{"loc":{"start":{"line":38,"column":4},"end":{"line":45,"column":5}},"type":"if","locations":[{"start":{"line":38,"column":4},"end":{"line":45,"column":5}},{"start":{"line":38,"column":4},"end":{"line":45,"column":5}}],"line":38},"1":{"loc":{"start":{"line":41,"column":6},"end":{"line":44,"column":7}},"type":"if","locations":[{"start":{"line":41,"column":6},"end":{"line":44,"column":7}},{"start":{"line":41,"column":6},"end":{"line":44,"column":7}}],"line":41},"2":{"loc":{"start":{"line":66,"column":4},"end":{"line":68,"column":5}},"type":"if","locations":[{"start":{"line":66,"column":4},"end":{"line":68,"column":5}},{"start":{"line":66,"column":4},"end":{"line":68,"column":5}}],"line":66}},"s":{"0":4,"1":4,"2":4,"3":4,"4":6,"5":6,"6":6,"7":4,"8":4,"9":2,"10":2,"11":4,"12":8,"13":8,"14":1,"15":7,"16":7,"17":6,"18":6,"19":4},"f":{"0":6,"1":8},"b":{"0":[4,2],"1":[2,2],"2":[1,7]},"_coverageSchema":"1a1c01bbd47fc00a2c39e90264f33305004495a9","hash":"02219b087b49993f2359b1583bac666cd507f55a"}
,"/Users/spiffy/Documents/jobly/routes/_testCommon.js": {"path":"/Users/spiffy/Documents/jobly/routes/_testCommon.js","statementMap":{"0":{"start":{"line":3,"column":11},"end":{"line":3,"column":30}},"1":{"start":{"line":4,"column":13},"end":{"line":4,"column":38}},"2":{"start":{"line":5,"column":16},"end":{"line":5,"column":44}},"3":{"start":{"line":6,"column":24},"end":{"line":6,"column":52}},"4":{"start":{"line":10,"column":2},"end":{"line":10,"column":38}},"5":{"start":{"line":12,"column":2},"end":{"line":12,"column":42}},"6":{"start":{"line":14,"column":2},"end":{"line":15,"column":76}},"7":{"start":{"line":16,"column":2},"end":{"line":17,"column":76}},"8":{"start":{"line":18,"column":2},"end":{"line":19,"column":76}},"9":{"start":{"line":21,"column":2},"end":{"line":28,"column":5}},"10":{"start":{"line":29,"column":2},"end":{"line":36,"column":5}},"11":{"start":{"line":37,"column":2},"end":{"line":44,"column":5}},"12":{"start":{"line":48,"column":2},"end":{"line":48,"column":26}},"13":{"start":{"line":52,"column":2},"end":{"line":52,"column":29}},"14":{"start":{"line":56,"column":2},"end":{"line":56,"column":17}},"15":{"start":{"line":60,"column":16},"end":{"line":60,"column":64}},"16":{"start":{"line":62,"column":0},"end":{"line":68,"column":2}}},"fnMap":{"0":{"name":"commonBeforeAll","decl":{"start":{"line":8,"column":15},"end":{"line":8,"column":30}},"loc":{"start":{"line":8,"column":33},"end":{"line":45,"column":1}},"line":8},"1":{"name":"commonBeforeEach","decl":{"start":{"line":47,"column":15},"end":{"line":47,"column":31}},"loc":{"start":{"line":47,"column":34},"end":{"line":49,"column":1}},"line":47},"2":{"name":"commonAfterEach","decl":{"start":{"line":51,"column":15},"end":{"line":51,"column":30}},"loc":{"start":{"line":51,"column":33},"end":{"line":53,"column":1}},"line":51},"3":{"name":"commonAfterAll","decl":{"start":{"line":55,"column":15},"end":{"line":55,"column":29}},"loc":{"start":{"line":55,"column":32},"end":{"line":57,"column":1}},"line":55}},"branchMap":{},"s":{"0":2,"1":2,"2":2,"3":2,"4":2,"5":2,"6":2,"7":1,"8":1,"9":1,"10":1,"11":1,"12":23,"13":23,"14":2,"15":2,"16":2},"f":{"0":2,"1":23,"2":23,"3":2},"b":{},"_coverageSchema":"1a1c01bbd47fc00a2c39e90264f33305004495a9","hash":"b6631ddc51f33928e54d0c07021e64c3d16472ca"}
,"/Users/spiffy/Documents/jobly/routes/auth.js": {"path":"/Users/spiffy/Documents/jobly/routes/auth.js","statementMap":{"0":{"start":{"line":5,"column":19},"end":{"line":5,"column":40}},"1":{"start":{"line":7,"column":13},"end":{"line":7,"column":38}},"2":{"start":{"line":8,"column":16},"end":{"line":8,"column":34}},"3":{"start":{"line":9,"column":15},"end":{"line":9,"column":35}},"4":{"start":{"line":10,"column":24},"end":{"line":10,"column":52}},"5":{"start":{"line":11,"column":23},"end":{"line":11,"column":58}},"6":{"start":{"line":12,"column":27},"end":{"line":12,"column":66}},"7":{"start":{"line":13,"column":28},"end":{"line":13,"column":54}},"8":{"start":{"line":22,"column":0},"end":{"line":37,"column":3}},"9":{"start":{"line":23,"column":2},"end":{"line":36,"column":3}},"10":{"start":{"line":24,"column":22},"end":{"line":24,"column":67}},"11":{"start":{"line":25,"column":4},"end":{"line":28,"column":5}},"12":{"start":{"line":26,"column":19},"end":{"line":26,"column":53}},"13":{"start":{"line":26,"column":45},"end":{"line":26,"column":52}},"14":{"start":{"line":27,"column":6},"end":{"line":27,"column":38}},"15":{"start":{"line":30,"column":35},"end":{"line":30,"column":43}},"16":{"start":{"line":31,"column":17},"end":{"line":31,"column":60}},"17":{"start":{"line":32,"column":18},"end":{"line":32,"column":35}},"18":{"start":{"line":33,"column":4},"end":{"line":33,"column":31}},"19":{"start":{"line":35,"column":4},"end":{"line":35,"column":21}},"20":{"start":{"line":49,"column":0},"end":{"line":63,"column":3}},"21":{"start":{"line":50,"column":2},"end":{"line":62,"column":3}},"22":{"start":{"line":51,"column":22},"end":{"line":51,"column":71}},"23":{"start":{"line":52,"column":4},"end":{"line":55,"column":5}},"24":{"start":{"line":53,"column":19},"end":{"line":53,"column":53}},"25":{"start":{"line":53,"column":45},"end":{"line":53,"column":52}},"26":{"start":{"line":54,"column":6},"end":{"line":54,"column":38}},"27":{"start":{"line":57,"column":20},"end":{"line":57,"column":73}},"28":{"start":{"line":58,"column":18},"end":{"line":58,"column":38}},"29":{"start":{"line":59,"column":4},"end":{"line":59,"column":43}},"30":{"start":{"line":61,"column":4},"end":{"line":61,"column":21}},"31":{"start":{"line":66,"column":0},"end":{"line":66,"column":24}}},"fnMap":{"0":{"name":"(anonymous_0)","decl":{"start":{"line":22,"column":22},"end":{"line":22,"column":23}},"loc":{"start":{"line":22,"column":54},"end":{"line":37,"column":1}},"line":22},"1":{"name":"(anonymous_1)","decl":{"start":{"line":26,"column":40},"end":{"line":26,"column":41}},"loc":{"start":{"line":26,"column":45},"end":{"line":26,"column":52}},"line":26},"2":{"name":"(anonymous_2)","decl":{"start":{"line":49,"column":25},"end":{"line":49,"column":26}},"loc":{"start":{"line":49,"column":57},"end":{"line":63,"column":1}},"line":49},"3":{"name":"(anonymous_3)","decl":{"start":{"line":53,"column":40},"end":{"line":53,"column":41}},"loc":{"start":{"line":53,"column":45},"end":{"line":53,"column":52}},"line":53}},"branchMap":{"0":{"loc":{"start":{"line":25,"column":4},"end":{"line":28,"column":5}},"type":"if","locations":[{"start":{"line":25,"column":4},"end":{"line":28,"column":5}},{"start":{"line":25,"column":4},"end":{"line":28,"column":5}}],"line":25},"1":{"loc":{"start":{"line":52,"column":4},"end":{"line":55,"column":5}},"type":"if","locations":[{"start":{"line":52,"column":4},"end":{"line":55,"column":5}},{"start":{"line":52,"column":4},"end":{"line":55,"column":5}}],"line":52}},"s":{"0":3,"1":3,"2":3,"3":3,"4":3,"5":3,"6":3,"7":3,"8":3,"9":5,"10":5,"11":5,"12":2,"13":2,"14":2,"15":3,"16":3,"17":1,"18":1,"19":4,"20":3,"21":3,"22":3,"23":3,"24":2,"25":5,"26":2,"27":1,"28":1,"29":1,"30":2,"31":3},"f":{"0":5,"1":2,"2":3,"3":5},"b":{"0":[2,3],"1":[2,1]},"_coverageSchema":"1a1c01bbd47fc00a2c39e90264f33305004495a9","hash":"ebbd0a229173b67af46a48c012759aee5e22edf2"}
,"/Users/spiffy/Documents/jobly/routes/companies.js": {"path":"/Users/spiffy/Documents/jobly/routes/companies.js","statementMap":{"0":{"start":{"line":5,"column":19},"end":{"line":5,"column":40}},"1":{"start":{"line":6,"column":16},"end":{"line":6,"column":34}},"2":{"start":{"line":8,"column":28},"end":{"line":8,"column":54}},"3":{"start":{"line":9,"column":27},"end":{"line":9,"column":56}},"4":{"start":{"line":10,"column":16},"end":{"line":10,"column":44}},"5":{"start":{"line":12,"column":25},"end":{"line":12,"column":62}},"6":{"start":{"line":13,"column":28},"end":{"line":13,"column":68}},"7":{"start":{"line":15,"column":15},"end":{"line":15,"column":35}},"8":{"start":{"line":27,"column":0},"end":{"line":38,"column":3}},"9":{"start":{"line":28,"column":2},"end":{"line":37,"column":3}},"10":{"start":{"line":30,"column":53},"end":{"line":30,"column":62}},"11":{"start":{"line":32,"column":22},"end":{"line":32,"column":81}},"12":{"start":{"line":34,"column":4},"end":{"line":34,"column":35}},"13":{"start":{"line":36,"column":4},"end":{"line":36,"column":21}},"14":{"start":{"line":48,"column":0},"end":{"line":55,"column":3}},"15":{"start":{"line":49,"column":2},"end":{"line":54,"column":3}},"16":{"start":{"line":50,"column":20},"end":{"line":50,"column":56}},"17":{"start":{"line":51,"column":4},"end":{"line":51,"column":33}},"18":{"start":{"line":53,"column":4},"end":{"line":53,"column":21}},"19":{"start":{"line":67,"column":0},"end":{"line":80,"column":3}},"20":{"start":{"line":68,"column":2},"end":{"line":79,"column":3}},"21":{"start":{"line":69,"column":22},"end":{"line":69,"column":69}},"22":{"start":{"line":70,"column":4},"end":{"line":73,"column":5}},"23":{"start":{"line":71,"column":19},"end":{"line":71,"column":53}},"24":{"start":{"line":71,"column":45},"end":{"line":71,"column":52}},"25":{"start":{"line":72,"column":6},"end":{"line":72,"column":38}},"26":{"start":{"line":75,"column":20},"end":{"line":75,"column":50}},"27":{"start":{"line":76,"column":4},"end":{"line":76,"column":45}},"28":{"start":{"line":78,"column":4},"end":{"line":78,"column":21}},"29":{"start":{"line":94,"column":0},"end":{"line":107,"column":3}},"30":{"start":{"line":95,"column":2},"end":{"line":106,"column":3}},"31":{"start":{"line":96,"column":22},"end":{"line":96,"column":72}},"32":{"start":{"line":97,"column":4},"end":{"line":100,"column":5}},"33":{"start":{"line":98,"column":19},"end":{"line":98,"column":53}},"34":{"start":{"line":98,"column":45},"end":{"line":98,"column":52}},"35":{"start":{"line":99,"column":6},"end":{"line":99,"column":38}},"36":{"start":{"line":102,"column":20},"end":{"line":102,"column":69}},"37":{"start":{"line":103,"column":4},"end":{"line":103,"column":33}},"38":{"start":{"line":105,"column":4},"end":{"line":105,"column":21}},"39":{"start":{"line":114,"column":0},"end":{"line":121,"column":3}},"40":{"start":{"line":115,"column":2},"end":{"line":120,"column":3}},"41":{"start":{"line":116,"column":4},"end":{"line":116,"column":44}},"42":{"start":{"line":117,"column":4},"end":{"line":117,"column":52}},"43":{"start":{"line":119,"column":4},"end":{"line":119,"column":21}},"44":{"start":{"line":124,"column":0},"end":{"line":124,"column":24}}},"fnMap":{"0":{"name":"(anonymous_0)","decl":{"start":{"line":27,"column":16},"end":{"line":27,"column":17}},"loc":{"start":{"line":27,"column":48},"end":{"line":38,"column":1}},"line":27},"1":{"name":"(anonymous_1)","decl":{"start":{"line":48,"column":23},"end":{"line":48,"column":24}},"loc":{"start":{"line":48,"column":55},"end":{"line":55,"column":1}},"line":48},"2":{"name":"(anonymous_2)","decl":{"start":{"line":67,"column":33},"end":{"line":67,"column":34}},"loc":{"start":{"line":67,"column":65},"end":{"line":80,"column":1}},"line":67},"3":{"name":"(anonymous_3)","decl":{"start":{"line":71,"column":40},"end":{"line":71,"column":41}},"loc":{"start":{"line":71,"column":45},"end":{"line":71,"column":52}},"line":71},"4":{"name":"(anonymous_4)","decl":{"start":{"line":94,"column":41},"end":{"line":94,"column":42}},"loc":{"start":{"line":94,"column":73},"end":{"line":107,"column":1}},"line":94},"5":{"name":"(anonymous_5)","decl":{"start":{"line":98,"column":40},"end":{"line":98,"column":41}},"loc":{"start":{"line":98,"column":45},"end":{"line":98,"column":52}},"line":98},"6":{"name":"(anonymous_6)","decl":{"start":{"line":114,"column":42},"end":{"line":114,"column":43}},"loc":{"start":{"line":114,"column":74},"end":{"line":121,"column":1}},"line":114}},"branchMap":{"0":{"loc":{"start":{"line":70,"column":4},"end":{"line":73,"column":5}},"type":"if","locations":[{"start":{"line":70,"column":4},"end":{"line":73,"column":5}},{"start":{"line":70,"column":4},"end":{"line":73,"column":5}}],"line":70},"1":{"loc":{"start":{"line":97,"column":4},"end":{"line":100,"column":5}},"type":"if","locations":[{"start":{"line":97,"column":4},"end":{"line":100,"column":5}},{"start":{"line":97,"column":4},"end":{"line":100,"column":5}}],"line":97}},"s":{"0":3,"1":3,"2":3,"3":3,"4":3,"5":3,"6":3,"7":3,"8":3,"9":2,"10":2,"11":2,"12":1,"13":1,"14":3,"15":2,"16":2,"17":1,"18":1,"19":3,"20":3,"21":3,"22":3,"23":2,"24":3,"25":2,"26":1,"27":1,"28":2,"29":3,"30":3,"31":3,"32":3,"33":2,"34":2,"35":2,"36":1,"37":1,"38":2,"39":3,"40":2,"41":2,"42":1,"43":1,"44":3},"f":{"0":2,"1":2,"2":3,"3":3,"4":3,"5":2,"6":2},"b":{"0":[2,1],"1":[2,1]},"_coverageSchema":"1a1c01bbd47fc00a2c39e90264f33305004495a9","hash":"1468369480b1a42e8337ee9207ecdd05cd30a995"}
}
