TN:
SF:app.js
FN:28,(anonymous_0)
FN:33,(anonymous_1)
FNF:2
FNH:2
FNDA:1,(anonymous_0)
FNDA:34,(anonymous_1)
DA:5,4
DA:7,4
DA:9,4
DA:10,4
DA:11,4
DA:12,4
DA:14,4
DA:16,4
DA:18,4
DA:19,4
DA:20,4
DA:22,4
DA:23,4
DA:24,4
DA:28,4
DA:29,1
DA:33,4
DA:34,34
DA:35,34
DA:36,34
DA:38,34
DA:43,4
LF:22
LH:22
BRDA:34,0,0,0
BRDA:34,0,1,34
BRDA:35,1,0,34
BRDA:35,1,1,2
BRF:4
BRH:3
end_of_record
TN:
SF:config.js
FNF:0
FNH:0
DA:5,8
DA:7,8
DA:9,8
DA:13,8
DA:20,8
DA:23,8
LF:6
LH:6
BRDA:7,0,0,8
BRDA:7,0,1,8
BRDA:9,1,0,8
BRDA:9,1,1,8
BRDA:13,2,0,8
BRDA:13,2,1,0
BRDA:15,3,0,0
BRDA:15,3,1,0
BRDA:20,4,0,8
BRDA:20,4,1,0
BRF:10
BRH:6
end_of_record
TN:
SF:db.js
FNF:0
FNH:0
DA:5,7
DA:6,7
DA:8,7
DA:12,7
DA:14,7
LF:5
LH:5
BRF:0
BRH:0
end_of_record
TN:
SF:expressError.js
FN:8,(anonymous_0)
FN:18,(anonymous_1)
FN:26,(anonymous_2)
FN:34,(anonymous_3)
FN:42,(anonymous_4)
FNF:5
FNH:4
FNDA:51,(anonymous_0)
FNDA:9,(anonymous_1)
FNDA:22,(anonymous_2)
FNDA:20,(anonymous_3)
FNDA:0,(anonymous_4)
DA:9,51
DA:10,51
DA:11,51
DA:19,9
DA:27,22
DA:35,20
DA:43,0
DA:47,9
LF:8
LH:7
BRDA:18,0,0,1
BRDA:26,1,0,16
BRDA:34,2,0,0
BRDA:42,3,0,0
BRF:4
BRH:2
end_of_record
TN:
SF:helpers/sql.js
FN:10,sqlForPartialUpdate
FN:12,(anonymous_1)
FN:26,sqlForFilteringCompanies
FN:38,(anonymous_3)
FN:40,(anonymous_4)
FN:52,(anonymous_5)
FN:76,sqlForFilteringJobs
FNF:7
FNH:7
FNDA:8,sqlForPartialUpdate
FNDA:10,(anonymous_1)
FNDA:9,sqlForFilteringCompanies
FNDA:21,(anonymous_3)
FNDA:12,(anonymous_4)
FNDA:12,(anonymous_5)
FNDA:7,sqlForFilteringJobs
DA:1,7
DA:11,8
DA:12,10
DA:14,8
DA:28,9
DA:29,2
DA:32,7
DA:38,21
DA:40,7
DA:41,12
DA:43,12
DA:44,5
DA:45,7
DA:46,5
DA:47,2
DA:48,2
DA:52,7
DA:53,12
DA:54,12
DA:56,12
DA:57,5
DA:59,12
DA:62,7
DA:64,7
DA:67,7
DA:78,7
DA:79,1
DA:82,7
DA:83,7
DA:84,7
DA:86,7
DA:87,12
DA:88,5
DA:89,5
DA:90,5
DA:92,7
DA:93,5
DA:94,5
DA:95,5
DA:97,2
DA:98,2
DA:102,7
DA:104,7
DA:108,7
DA:114,7
LF:45
LH:45
BRDA:28,0,0,2
BRDA:28,0,1,7
BRDA:43,1,0,5
BRDA:43,1,1,7
BRDA:45,2,0,5
BRDA:45,2,1,2
BRDA:47,3,0,2
BRDA:47,3,1,0
BRDA:56,4,0,5
BRDA:56,4,1,7
BRDA:78,5,0,1
BRDA:78,5,1,6
BRDA:78,6,0,7
BRDA:78,6,1,3
BRDA:87,7,0,5
BRDA:87,7,1,7
BRDA:92,8,0,5
BRDA:92,8,1,2
BRDA:97,9,0,2
BRDA:97,9,1,0
BRF:20
BRH:18
end_of_record
TN:
SF:helpers/tokens.js
FN:6,createToken
FNF:1
FNH:1
FNDA:7,createToken
DA:1,7
DA:2,7
DA:7,7
DA:10,7
DA:15,7
DA:18,7
LF:6
LH:6
BRDA:12,0,0,7
BRDA:12,0,1,4
BRF:2
BRH:2
end_of_record
TN:
SF:middleware/auth.js
FN:20,authenticateJWT
FN:42,_ensureLoggedIn
FN:50,ensureLoggedIn
FN:63,ensureAdmin
FNF:4
FNH:3
FNDA:48,authenticateJWT
FNDA:34,_ensureLoggedIn
FNDA:0,ensureLoggedIn
FNDA:32,ensureAdmin
DA:5,5
DA:6,5
DA:7,5
DA:21,48
DA:22,48
DA:24,48
DA:26,48
DA:27,47
DA:29,1
DA:30,1
DA:44,34
DA:51,0
DA:52,0
DA:53,0
DA:55,0
DA:64,32
DA:65,32
DA:67,25
DA:68,17
DA:70,8
DA:73,15
DA:77,5
LF:22
LH:18
BRDA:26,0,0,26
BRDA:26,0,1,22
BRDA:44,1,0,8
BRDA:44,1,1,26
BRDA:67,2,0,17
BRDA:67,2,1,8
BRDA:67,3,0,25
BRDA:67,3,1,25
BRF:8
BRH:8
end_of_record
TN:
SF:models/_testCommon.js
FN:10,commonBeforeAll
FN:51,commonBeforeEach
FN:55,commonAfterEach
FN:59,commonAfterAll
FNF:4
FNH:4
FNDA:3,commonBeforeAll
FNDA:35,commonBeforeEach
FNDA:35,commonAfterEach
FNDA:3,commonAfterAll
DA:1,3
DA:3,3
DA:4,3
DA:5,3
DA:12,3
DA:13,3
DA:15,3
DA:17,3
DA:23,1
DA:31,1
DA:37,1
DA:52,35
DA:56,35
DA:60,3
DA:64,3
LF:15
LH:15
BRF:0
BRH:0
end_of_record
TN:
SF:models/company.js
FN:15,(anonymous_0)
FN:39,(anonymous_1)
FN:70,(anonymous_2)
FN:110,(anonymous_3)
FN:137,(anonymous_4)
FNF:5
FNH:5
FNDA:7,(anonymous_0)
FNDA:4,(anonymous_1)
FNDA:10,(anonymous_2)
FNDA:4,(anonymous_3)
FNDA:5,(anonymous_4)
DA:3,5
DA:4,5
DA:5,5
DA:18,7
DA:20,4
DA:21,3
DA:24,3
DA:29,5
DA:40,4
DA:46,4
DA:52,4
DA:54,4
DA:56,2
DA:58,2
DA:71,10
DA:77,10
DA:78,2
DA:80,8
DA:93,8
DA:95,8
DA:111,4
DA:113,3
DA:114,3
DA:116,3
DA:124,3
DA:125,3
DA:127,3
DA:129,2
DA:138,5
DA:144,5
DA:146,5
DA:151,5
LF:32
LH:32
BRDA:18,0,0,4
BRDA:18,0,1,3
BRDA:18,1,0,7
BRDA:18,1,1,4
BRDA:18,1,2,3
BRDA:54,2,0,2
BRDA:54,2,1,2
BRDA:77,3,0,2
BRDA:77,3,1,8
BRDA:111,4,0,1
BRDA:111,4,1,3
BRDA:127,5,0,1
BRDA:127,5,1,2
BRDA:146,6,0,3
BRDA:146,6,1,2
BRF:15
BRH:15
end_of_record
TN:
SF:models/job.js
FN:15,(anonymous_0)
FN:38,(anonymous_1)
FN:62,(anonymous_2)
FN:108,(anonymous_3)
FN:140,(anonymous_4)
FNF:5
FNH:5
FNDA:6,(anonymous_0)
FNDA:4,(anonymous_1)
FNDA:9,(anonymous_2)
FNDA:5,(anonymous_3)
FNDA:3,(anonymous_4)
DA:3,5
DA:4,5
DA:5,5
DA:17,6
DA:18,3
DA:19,3
DA:20,3
DA:23,3
DA:28,5
DA:39,4
DA:45,3
DA:47,3
DA:49,2
DA:69,9
DA:78,9
DA:79,1
DA:82,8
DA:89,8
DA:91,8
DA:109,5
DA:110,1
DA:111,4
DA:112,1
DA:113,3
DA:114,0
DA:116,3
DA:117,3
DA:119,3
DA:127,3
DA:128,3
DA:130,3
DA:132,2
DA:141,3
DA:147,2
DA:149,2
DA:156,5
LF:36
LH:35
BRDA:17,0,0,3
BRDA:17,0,1,3
BRDA:17,1,0,6
BRDA:17,1,1,5
BRDA:47,2,0,1
BRDA:47,2,1,2
BRDA:78,3,0,1
BRDA:78,3,1,8
BRDA:109,4,0,1
BRDA:109,4,1,4
BRDA:111,5,0,1
BRDA:111,5,1,3
BRDA:113,6,0,0
BRDA:113,6,1,3
BRDA:130,7,0,1
BRDA:130,7,1,2
BRDA:149,8,0,0
BRDA:149,8,1,2
BRF:18
BRH:16
end_of_record
TN:
SF:models/user.js
FN:22,(anonymous_0)
FN:57,(anonymous_1)
FNF:2
FNH:2
FNDA:6,(anonymous_0)
FNDA:13,(anonymous_1)
DA:3,5
DA:4,5
DA:8,5
DA:10,5
DA:24,6
DA:36,6
DA:38,6
DA:40,2
DA:41,2
DA:42,0
DA:43,0
DA:47,6
DA:59,13
DA:66,13
DA:67,1
DA:70,12
DA:72,12
DA:92,11
DA:94,11
DA:98,5
LF:20
LH:18
BRDA:38,0,0,2
BRDA:38,0,1,4
BRDA:41,1,0,0
BRDA:41,1,1,2
BRDA:66,2,0,1
BRDA:66,2,1,12
BRF:6
BRH:5
end_of_record
TN:
SF:routes/_testCommon.js
FN:11,commonBeforeAll
FN:66,commonBeforeEach
FN:70,commonAfterEach
FN:74,commonAfterAll
FNF:4
FNH:4
FNDA:3,commonBeforeAll
FNDA:44,commonBeforeEach
FNDA:44,commonAfterEach
FNDA:3,commonAfterAll
DA:3,3
DA:4,3
DA:5,3
DA:6,3
DA:7,3
DA:9,3
DA:13,3
DA:15,3
DA:17,3
DA:19,2
DA:21,2
DA:25,2
DA:27,2
DA:29,2
DA:32,2
DA:40,2
DA:48,2
DA:56,2
DA:67,44
DA:71,44
DA:75,3
DA:79,3
DA:80,3
DA:82,3
LF:24
LH:24
BRF:0
BRH:0
end_of_record
TN:
SF:routes/auth.js
FN:22,(anonymous_0)
FN:26,(anonymous_1)
FN:49,(anonymous_2)
FN:53,(anonymous_3)
FNF:4
FNH:4
FNDA:5,(anonymous_0)
FNDA:2,(anonymous_1)
FNDA:3,(anonymous_2)
FNDA:5,(anonymous_3)
DA:5,4
DA:7,4
DA:8,4
DA:9,4
DA:10,4
DA:11,4
DA:12,4
DA:13,4
DA:22,4
DA:23,5
DA:24,5
DA:25,5
DA:26,2
DA:27,2
DA:30,3
DA:31,3
DA:32,0
DA:33,0
DA:35,5
DA:49,4
DA:50,3
DA:51,3
DA:52,3
DA:53,5
DA:54,2
DA:57,1
DA:58,1
DA:59,1
DA:61,2
DA:66,4
LF:30
LH:28
BRDA:25,0,0,2
BRDA:25,0,1,3
BRDA:52,1,0,2
BRDA:52,1,1,1
BRF:4
BRH:4
end_of_record
TN:
SF:routes/companies.js
FN:28,(anonymous_0)
FN:33,(anonymous_1)
FN:55,(anonymous_2)
FN:74,(anonymous_3)
FN:79,(anonymous_4)
FN:101,(anonymous_5)
FN:105,(anonymous_6)
FN:121,(anonymous_7)
FNF:8
FNH:7
FNDA:2,(anonymous_0)
FNDA:0,(anonymous_1)
FNDA:2,(anonymous_2)
FNDA:3,(anonymous_3)
FNDA:3,(anonymous_4)
FNDA:3,(anonymous_5)
FNDA:2,(anonymous_6)
FNDA:3,(anonymous_7)
DA:5,4
DA:6,4
DA:8,4
DA:9,4
DA:10,4
DA:12,4
DA:13,4
DA:14,4
DA:16,4
DA:28,4
DA:29,2
DA:30,2
DA:32,2
DA:33,0
DA:34,0
DA:37,2
DA:39,2
DA:41,1
DA:43,1
DA:55,4
DA:56,2
DA:57,2
DA:58,1
DA:60,1
DA:74,4
DA:75,3
DA:77,3
DA:78,3
DA:79,3
DA:80,2
DA:83,1
DA:84,1
DA:86,2
DA:101,4
DA:102,3
DA:103,3
DA:104,3
DA:105,2
DA:106,2
DA:109,1
DA:110,1
DA:112,2
DA:121,4
DA:122,3
DA:123,3
DA:124,1
DA:126,2
DA:130,4
LF:48
LH:46
BRDA:32,0,0,0
BRDA:32,0,1,2
BRDA:78,1,0,2
BRDA:78,1,1,1
BRDA:104,2,0,2
BRDA:104,2,1,1
BRF:6
BRH:5
end_of_record
TN:
SF:routes/jobs.js
FN:28,(anonymous_0)
FN:33,(anonymous_1)
FN:52,(anonymous_2)
FN:70,(anonymous_3)
FN:74,(anonymous_4)
FN:97,(anonymous_5)
FN:101,(anonymous_6)
FN:116,(anonymous_7)
FNF:8
FNH:7
FNDA:2,(anonymous_0)
FNDA:0,(anonymous_1)
FNDA:2,(anonymous_2)
FNDA:3,(anonymous_3)
FNDA:4,(anonymous_4)
FNDA:3,(anonymous_5)
FNDA:2,(anonymous_6)
FNDA:1,(anonymous_7)
DA:5,4
DA:6,4
DA:8,4
DA:9,4
DA:10,4
DA:12,4
DA:13,4
DA:14,4
DA:16,4
DA:28,4
DA:29,2
DA:30,2
DA:32,2
DA:33,0
DA:34,0
DA:37,2
DA:39,1
DA:41,1
DA:52,4
DA:53,2
DA:54,2
DA:55,1
DA:57,1
DA:70,4
DA:71,3
DA:72,3
DA:73,3
DA:74,4
DA:75,2
DA:78,1
DA:79,1
DA:81,2
DA:97,4
DA:98,3
DA:99,3
DA:100,3
DA:101,2
DA:102,2
DA:105,1
DA:106,1
DA:108,2
DA:116,4
DA:117,1
DA:118,1
DA:119,1
DA:121,0
DA:124,4
LF:47
LH:44
BRDA:32,0,0,0
BRDA:32,0,1,2
BRDA:73,1,0,2
BRDA:73,1,1,1
BRDA:100,2,0,2
BRDA:100,2,1,1
BRF:6
BRH:5
end_of_record
