TN:
SF:app.js
FN:26,(anonymous_0)
FN:31,(anonymous_1)
FNF:2
FNH:2
FNDA:1,(anonymous_0)
FNDA:17,(anonymous_1)
DA:5,3
DA:7,3
DA:9,3
DA:10,3
DA:11,3
DA:13,3
DA:15,3
DA:17,3
DA:18,3
DA:19,3
DA:21,3
DA:22,3
DA:26,3
DA:27,1
DA:31,3
DA:32,17
DA:33,17
DA:34,17
DA:36,17
DA:41,3
LF:20
LH:20
BRDA:32,0,0,0
BRDA:32,0,1,17
BRDA:33,1,0,17
BRDA:33,1,1,1
BRF:4
BRH:3
end_of_record
TN:
SF:config.js
FNF:0
FNH:0
DA:5,6
DA:7,6
DA:9,6
DA:13,6
DA:20,6
DA:23,6
LF:6
LH:6
BRDA:7,0,0,6
BRDA:7,0,1,6
BRDA:9,1,0,6
BRDA:9,1,1,6
BRDA:13,2,0,6
BRDA:13,2,1,0
BRDA:15,3,0,0
BRDA:15,3,1,0
BRDA:20,4,0,6
BRDA:20,4,1,0
BRF:10
BRH:6
end_of_record
TN:
SF:db.js
FNF:0
FNH:0
DA:5,5
DA:6,5
DA:8,5
DA:12,5
DA:14,5
LF:5
LH:5
BRF:0
BRH:0
end_of_record
TN:
SF:expressError.js
FN:8,(anonymous_0)
FN:18,(anonymous_1)
FN:26,(anonymous_2)
FN:34,(anonymous_3)
FN:42,(anonymous_4)
FNF:5
FNH:4
FNDA:26,(anonymous_0)
FNDA:6,(anonymous_1)
FNDA:8,(anonymous_2)
FNDA:12,(anonymous_3)
FNDA:0,(anonymous_4)
DA:9,26
DA:10,26
DA:11,26
DA:19,6
DA:27,8
DA:35,12
DA:43,0
DA:47,7
LF:8
LH:7
BRDA:18,0,0,1
BRDA:26,1,0,4
BRDA:34,2,0,0
BRDA:42,3,0,0
BRF:4
BRH:2
end_of_record
TN:
SF:helpers/sql.js
FN:10,sqlForPartialUpdate
FN:12,(anonymous_1)
FN:25,sqlForFilteringCompanies
FN:37,(anonymous_3)
FN:39,(anonymous_4)
FN:53,(anonymous_5)
FNF:6
FNH:6
FNDA:5,sqlForPartialUpdate
FNDA:5,(anonymous_1)
FNDA:5,sqlForFilteringCompanies
FNDA:12,(anonymous_3)
FNDA:6,(anonymous_4)
FNDA:6,(anonymous_5)
DA:1,5
DA:11,5
DA:12,5
DA:14,5
DA:27,5
DA:28,1
DA:31,4
DA:37,12
DA:39,4
DA:40,6
DA:42,6
DA:43,4
DA:44,2
DA:45,2
DA:46,0
DA:47,0
DA:51,4
DA:53,4
DA:54,6
DA:56,4
DA:58,6
DA:61,4
DA:64,4
DA:70,5
LF:24
LH:22
BRDA:27,0,0,1
BRDA:27,0,1,4
BRDA:42,1,0,4
BRDA:42,1,1,2
BRDA:44,2,0,2
BRDA:44,2,1,0
BRDA:46,3,0,0
BRDA:46,3,1,0
BRDA:54,4,0,4
BRDA:54,4,1,2
BRF:10
BRH:7
end_of_record
TN:
SF:helpers/tokens.js
FN:6,createToken
FNF:1
FNH:1
FNDA:4,createToken
DA:1,3
DA:2,3
DA:7,4
DA:10,4
DA:15,4
DA:18,3
LF:6
LH:6
BRDA:12,0,0,4
BRDA:12,0,1,4
BRF:2
BRH:2
end_of_record
TN:
SF:middleware/auth.js
FN:20,authenticateJWT
FN:41,_ensureLoggedIn
FN:48,ensureLoggedIn
FNF:3
FNH:3
FNDA:27,authenticateJWT
FNDA:13,_ensureLoggedIn
FNDA:11,ensureLoggedIn
DA:5,4
DA:6,4
DA:7,4
DA:21,27
DA:22,27
DA:24,27
DA:25,27
DA:26,26
DA:28,1
DA:29,1
DA:42,13
DA:49,11
DA:50,11
DA:51,8
DA:53,3
DA:58,4
LF:16
LH:16
BRDA:25,0,0,11
BRDA:25,0,1,16
BRDA:42,1,0,4
BRDA:42,1,1,9
BRF:4
BRH:4
end_of_record
TN:
SF:models/_testCommon.js
FN:7,commonBeforeAll
FN:35,commonBeforeEach
FN:39,commonAfterEach
FN:43,commonAfterAll
FNF:4
FNH:4
FNDA:2,commonBeforeAll
FNDA:21,commonBeforeEach
FNDA:21,commonAfterEach
FNDA:2,commonAfterAll
DA:1,2
DA:3,2
DA:4,2
DA:9,2
DA:11,2
DA:13,2
DA:19,2
DA:24,2
DA:36,21
DA:40,21
DA:44,2
DA:48,2
LF:12
LH:12
BRF:0
BRH:0
end_of_record
TN:
SF:models/company.js
FN:15,(anonymous_0)
FN:38,(anonymous_1)
FN:61,(anonymous_2)
FN:101,(anonymous_3)
FN:128,(anonymous_4)
FNF:5
FNH:5
FNDA:7,(anonymous_0)
FNDA:4,(anonymous_1)
FNDA:7,(anonymous_2)
FNDA:4,(anonymous_3)
FNDA:4,(anonymous_4)
DA:3,4
DA:4,4
DA:5,4
DA:17,7
DA:19,4
DA:20,3
DA:23,3
DA:28,5
DA:39,4
DA:45,4
DA:47,4
DA:49,2
DA:62,7
DA:68,7
DA:69,2
DA:71,5
DA:84,5
DA:86,5
DA:102,4
DA:104,3
DA:105,3
DA:107,3
DA:115,3
DA:116,3
DA:118,3
DA:120,2
DA:129,4
DA:135,4
DA:137,4
DA:142,4
LF:30
LH:30
BRDA:17,0,0,4
BRDA:17,0,1,3
BRDA:17,1,0,7
BRDA:17,1,1,4
BRDA:17,1,2,3
BRDA:47,2,0,2
BRDA:47,2,1,2
BRDA:68,3,0,2
BRDA:68,3,1,5
BRDA:102,4,0,1
BRDA:102,4,1,3
BRDA:118,5,0,1
BRDA:118,5,1,2
BRDA:137,6,0,2
BRDA:137,6,1,2
BRF:15
BRH:15
end_of_record
TN:
SF:models/user.js
FN:22,(anonymous_0)
FN:57,(anonymous_1)
FNF:2
FNH:2
FNDA:6,(anonymous_0)
FNDA:8,(anonymous_1)
DA:3,4
DA:4,4
DA:8,4
DA:10,4
DA:24,6
DA:36,6
DA:38,6
DA:40,4
DA:41,4
DA:42,2
DA:43,2
DA:47,4
DA:59,8
DA:66,8
DA:67,1
DA:70,7
DA:72,7
DA:92,6
DA:94,6
DA:98,4
LF:20
LH:20
BRDA:38,0,0,4
BRDA:38,0,1,2
BRDA:41,1,0,2
BRDA:41,1,1,2
BRDA:66,2,0,1
BRDA:66,2,1,7
BRF:6
BRH:6
end_of_record
TN:
SF:routes/_testCommon.js
FN:8,commonBeforeAll
FN:47,commonBeforeEach
FN:51,commonAfterEach
FN:55,commonAfterAll
FNF:4
FNH:4
FNDA:2,commonBeforeAll
FNDA:23,commonBeforeEach
FNDA:23,commonAfterEach
FNDA:2,commonAfterAll
DA:3,2
DA:4,2
DA:5,2
DA:6,2
DA:10,2
DA:12,2
DA:14,2
DA:16,1
DA:18,1
DA:21,1
DA:29,1
DA:37,1
DA:48,23
DA:52,23
DA:56,2
DA:60,2
DA:62,2
LF:17
LH:17
BRF:0
BRH:0
end_of_record
TN:
SF:routes/auth.js
FN:22,(anonymous_0)
FN:26,(anonymous_1)
FN:49,(anonymous_2)
FN:53,(anonymous_3)
FNF:4
FNH:4
FNDA:5,(anonymous_0)
FNDA:2,(anonymous_1)
FNDA:3,(anonymous_2)
FNDA:5,(anonymous_3)
DA:5,3
DA:7,3
DA:8,3
DA:9,3
DA:10,3
DA:11,3
DA:12,3
DA:13,3
DA:22,3
DA:23,5
DA:24,5
DA:25,5
DA:26,2
DA:27,2
DA:30,3
DA:31,3
DA:32,1
DA:33,1
DA:35,4
DA:49,3
DA:50,3
DA:51,3
DA:52,3
DA:53,5
DA:54,2
DA:57,1
DA:58,1
DA:59,1
DA:61,2
DA:66,3
LF:30
LH:30
BRDA:25,0,0,2
BRDA:25,0,1,3
BRDA:52,1,0,2
BRDA:52,1,1,1
BRF:4
BRH:4
end_of_record
TN:
SF:routes/companies.js
FN:27,(anonymous_0)
FN:48,(anonymous_1)
FN:67,(anonymous_2)
FN:71,(anonymous_3)
FN:94,(anonymous_4)
FN:98,(anonymous_5)
FN:114,(anonymous_6)
FNF:7
FNH:7
FNDA:2,(anonymous_0)
FNDA:2,(anonymous_1)
FNDA:3,(anonymous_2)
FNDA:3,(anonymous_3)
FNDA:3,(anonymous_4)
FNDA:2,(anonymous_5)
FNDA:2,(anonymous_6)
DA:5,3
DA:6,3
DA:8,3
DA:9,3
DA:10,3
DA:12,3
DA:13,3
DA:15,3
DA:27,3
DA:28,2
DA:30,2
DA:32,2
DA:34,1
DA:36,1
DA:48,3
DA:49,2
DA:50,2
DA:51,1
DA:53,1
DA:67,3
DA:68,3
DA:69,3
DA:70,3
DA:71,3
DA:72,2
DA:75,1
DA:76,1
DA:78,2
DA:94,3
DA:95,3
DA:96,3
DA:97,3
DA:98,2
DA:99,2
DA:102,1
DA:103,1
DA:105,2
DA:114,3
DA:115,2
DA:116,2
DA:117,1
DA:119,1
DA:124,3
LF:43
LH:43
BRDA:70,0,0,2
BRDA:70,0,1,1
BRDA:97,1,0,2
BRDA:97,1,1,1
BRF:4
BRH:4
end_of_record
